#
# There is insufficient memory for the Java Runtime Environment to continue.
# Native memory allocation (malloc) failed to allocate 32744 bytes for Chunk::new
# Possible reasons:
#   The system is out of physical RAM or swap space
#   The process is running with CompressedOops enabled, and the Java Heap may be blocking the growth of the native heap
# Possible solutions:
#   Reduce memory load on the system
#   Increase physical memory or swap space
#   Check if swap backing store is full
#   Decrease Java heap size (-Xmx/-Xms)
#   Decrease number of Java threads
#   Decrease Java thread stack sizes (-Xss)
#   Set larger code cache with -XX:ReservedCodeCacheSize=
#   JVM is running with Zero Based Compressed Oops mode in which the Java heap is
#     placed in the first 32GB address space. The Java Heap base address is the
#     maximum limit for the native heap growth. Please use -XX:HeapBaseMinAddress
#     to set the Java Heap base and to place the Java Heap above 32GB virtual address.
# This output file may be truncated or incomplete.
#
#  Out of Memory Error (arena.cpp:184), pid=32472, tid=5380
#
# JRE version: OpenJDK Runtime Environment (20.0.1+9) (build 20.0.1+9-29)
# Java VM: OpenJDK 64-Bit Server VM (20.0.1+9-29, mixed mode, sharing, tiered, compressed oops, compressed class ptrs, g1 gc, windows-amd64)
# No core dump will be written. Minidumps are not enabled by default on client versions of Windows
#

---------------  S U M M A R Y ------------

Command Line: -javaagent:C:\Users\user\IntelliJ IDEA Community Edition 2023.1.4\lib\idea_rt.jar=54952:C:\Users\user\IntelliJ IDEA Community Edition 2023.1.4\bin -Dfile.encoding=UTF-8 -Dsun.stdout.encoding=UTF-8 -Dsun.stderr.encoding=UTF-8 com.udacity.jwdnd.course1.cloudstorage.CloudStorageApplication

Host: 11th Gen Intel(R) Core(TM) i5-1135G7 @ 2.40GHz, 8 cores, 15G,  Windows 10 , 64 bit Build 19041 (10.0.19041.3393)
Time: Tue Sep 26 16:44:52 2023 India Standard Time elapsed time: 79562.688036 seconds (0d 22h 6m 2s)

---------------  T H R E A D  ---------------

Current thread (0x000001ec7a76d2c0):  JavaThread "C1 CompilerThread0" daemon [_thread_in_native, id=5380, stack(0x00000045e4f00000,0x00000045e5000000)]


Current CompileTask:
C1:79562688 7976       3       javax.management.ObjectName::construct (1135 bytes)

Stack: [0x00000045e4f00000,0x00000045e5000000]
Native frames: (J=compiled Java code, j=interpreted, Vv=VM code, C=native code)
V  [jvm.dll+0x6bb95a]
V  [jvm.dll+0x8485fa]
V  [jvm.dll+0x84a1f5]
V  [jvm.dll+0x84a8f3]
V  [jvm.dll+0x280b0f]
V  [jvm.dll+0xc2b11]
V  [jvm.dll+0xc2e35]
V  [jvm.dll+0x19a4a3]
V  [jvm.dll+0x19a56d]
V  [jvm.dll+0x19cdd4]
V  [jvm.dll+0x19e904]
V  [jvm.dll+0x158863]
V  [jvm.dll+0x158152]
V  [jvm.dll+0x158384]
V  [jvm.dll+0x1577c6]
V  [jvm.dll+0x1594fd]
V  [jvm.dll+0x259e1b]
V  [jvm.dll+0x2584f0]
V  [jvm.dll+0x3f2895]
V  [jvm.dll+0x7f4b56]
V  [jvm.dll+0x6ba5cb]
C  [ucrtbase.dll+0x21bb2]
C  [KERNEL32.DLL+0x17344]
C  [ntdll.dll+0x526b1]


---------------  P R O C E S S  ---------------

Threads class SMR info:
_java_thread_list=0x000001ec0217be50, length=31, elements={
0x000001ec7a75e4b0, 0x000001ec7a75f2b0, 0x000001ec7a7611b0, 0x000001ec7a765100,
0x000001ec7a765db0, 0x000001ec7a7687f0, 0x000001ec7e9083c0, 0x000001ec7a76d2c0,
0x000001ec7a6eba90, 0x000001ec7ed744d0, 0x000001ec7ee62a90, 0x000001ec025d6500,
0x000001ec025d5510, 0x000001ec0006a970, 0x000001ec025d4a70, 0x000001ec025d1ff0,
0x000001ec025d74f0, 0x000001ec025d1550, 0x000001ec025d0ab0, 0x000001ec025d5fb0,
0x000001ec025d5a60, 0x000001ec025d2540, 0x000001ec025cfac0, 0x000001ec025d1000,
0x000001ec025d3530, 0x000001ec025d6a50, 0x000001ec025d4520, 0x000001ec025d4fc0,
0x000001ec025d2a90, 0x000001ec025d2fe0, 0x000001ec025d6fa0
}

Java Threads: ( => current thread )
  0x000001ec7a75e4b0 JavaThread "Reference Handler" daemon [_thread_blocked, id=25964, stack(0x00000045e4800000,0x00000045e4900000)]
  0x000001ec7a75f2b0 JavaThread "Finalizer" daemon [_thread_blocked, id=26632, stack(0x00000045e4900000,0x00000045e4a00000)]
  0x000001ec7a7611b0 JavaThread "Signal Dispatcher" daemon [_thread_blocked, id=28192, stack(0x00000045e4a00000,0x00000045e4b00000)]
  0x000001ec7a765100 JavaThread "Attach Listener" daemon [_thread_blocked, id=30364, stack(0x00000045e4b00000,0x00000045e4c00000)]
  0x000001ec7a765db0 JavaThread "Service Thread" daemon [_thread_blocked, id=30236, stack(0x00000045e4c00000,0x00000045e4d00000)]
  0x000001ec7a7687f0 JavaThread "Monitor Deflation Thread" daemon [_thread_blocked, id=22576, stack(0x00000045e4d00000,0x00000045e4e00000)]
  0x000001ec7e9083c0 JavaThread "C2 CompilerThread0" daemon [_thread_blocked, id=26360, stack(0x00000045e4e00000,0x00000045e4f00000)]
=>0x000001ec7a76d2c0 JavaThread "C1 CompilerThread0" daemon [_thread_in_native, id=5380, stack(0x00000045e4f00000,0x00000045e5000000)]
  0x000001ec7a6eba90 JavaThread "Common-Cleaner" daemon [_thread_blocked, id=14720, stack(0x00000045e5000000,0x00000045e5100000)]
  0x000001ec7ed744d0 JavaThread "Monitor Ctrl-Break" daemon [_thread_in_native, id=34688, stack(0x00000045e5200000,0x00000045e5300000)]
  0x000001ec7ee62a90 JavaThread "Notification Thread" daemon [_thread_blocked, id=33408, stack(0x00000045e5300000,0x00000045e5400000)]
  0x000001ec025d6500 JavaThread "Live Reload Server" daemon [_thread_in_native, id=18008, stack(0x00000045e6400000,0x00000045e6500000)]
  0x000001ec025d5510 JavaThread "DestroyJavaVM" [_thread_blocked, id=24684, stack(0x00000045e4100000,0x00000045e4200000)]
  0x000001ec0006a970 JavaThread "HikariPool-3 housekeeper" daemon [_thread_blocked, id=17260, stack(0x00000045e6000000,0x00000045e6100000)]
  0x000001ec025d4a70 JavaThread "Catalina-utility-1" [_thread_blocked, id=33520, stack(0x00000045e6100000,0x00000045e6200000)]
  0x000001ec025d1ff0 JavaThread "Catalina-utility-2" [_thread_blocked, id=32476, stack(0x00000045e6200000,0x00000045e6300000)]
  0x000001ec025d74f0 JavaThread "container-0" [_thread_blocked, id=27296, stack(0x00000045e6300000,0x00000045e6400000)]
  0x000001ec025d1550 JavaThread "File Watcher" daemon [_thread_blocked, id=26584, stack(0x00000045e6600000,0x00000045e6700000)]
  0x000001ec025d0ab0 JavaThread "http-nio-8080-BlockPoller" daemon [_thread_in_native, id=13512, stack(0x00000045e6700000,0x00000045e6800000)]
  0x000001ec025d5fb0 JavaThread "http-nio-8080-exec-1" daemon [_thread_in_Java, id=33768, stack(0x00000045e6800000,0x00000045e6900000)]
  0x000001ec025d5a60 JavaThread "http-nio-8080-exec-2" daemon [_thread_blocked, id=8520, stack(0x00000045e6900000,0x00000045e6a00000)]
  0x000001ec025d2540 JavaThread "http-nio-8080-exec-3" daemon [_thread_blocked, id=24268, stack(0x00000045e6a00000,0x00000045e6b00000)]
  0x000001ec025cfac0 JavaThread "http-nio-8080-exec-4" daemon [_thread_blocked, id=24052, stack(0x00000045e6b00000,0x00000045e6c00000)]
  0x000001ec025d1000 JavaThread "http-nio-8080-exec-5" daemon [_thread_blocked, id=24780, stack(0x00000045e6c00000,0x00000045e6d00000)]
  0x000001ec025d3530 JavaThread "http-nio-8080-exec-6" daemon [_thread_blocked, id=27896, stack(0x00000045e6d00000,0x00000045e6e00000)]
  0x000001ec025d6a50 JavaThread "http-nio-8080-exec-7" daemon [_thread_blocked, id=32020, stack(0x00000045e6e00000,0x00000045e6f00000)]
  0x000001ec025d4520 JavaThread "http-nio-8080-exec-8" daemon [_thread_blocked, id=22168, stack(0x00000045e6f00000,0x00000045e7000000)]
  0x000001ec025d4fc0 JavaThread "http-nio-8080-exec-9" daemon [_thread_blocked, id=32644, stack(0x00000045e7000000,0x00000045e7100000)]
  0x000001ec025d2a90 JavaThread "http-nio-8080-exec-10" daemon [_thread_blocked, id=35368, stack(0x00000045e7100000,0x00000045e7200000)]
  0x000001ec025d2fe0 JavaThread "http-nio-8080-ClientPoller" daemon [_thread_in_native, id=30484, stack(0x00000045e7200000,0x00000045e7300000)]
  0x000001ec025d6fa0 JavaThread "http-nio-8080-Acceptor" daemon [_thread_in_native, id=19980, stack(0x00000045e7300000,0x00000045e7400000)]

Other Threads:
  0x000001ec7a743010 VMThread "VM Thread" [stack: 0x00000045e4700000,0x00000045e4800000] [id=22340]
  0x000001ec5b27f510 WatcherThread "VM Periodic Task Thread" [stack: 0x00000045e5400000,0x00000045e5500000] [id=25352]
  0x000001ec5b2ecfb0 WorkerThread "GC Thread#0" [stack: 0x00000045e4200000,0x00000045e4300000] [id=20528]
  0x000001ec00055450 WorkerThread "GC Thread#1" [stack: 0x00000045e5800000,0x00000045e5900000] [id=32080]
  0x000001ec00055720 WorkerThread "GC Thread#2" [stack: 0x00000045e5900000,0x00000045e5a00000] [id=32756]
  0x000001ec00055cc0 WorkerThread "GC Thread#3" [stack: 0x00000045e5a00000,0x00000045e5b00000] [id=31684]
  0x000001ec00054640 WorkerThread "GC Thread#4" [stack: 0x00000045e5b00000,0x00000045e5c00000] [id=23796]
  0x000001ec000559f0 WorkerThread "GC Thread#5" [stack: 0x00000045e5c00000,0x00000045e5d00000] [id=27456]
  0x000001ec00054370 WorkerThread "GC Thread#6" [stack: 0x00000045e5d00000,0x00000045e5e00000] [id=34768]
  0x000001ec00055180 WorkerThread "GC Thread#7" [stack: 0x00000045e5e00000,0x00000045e5f00000] [id=32580]
  0x000001ec5915dea0 ConcurrentGCThread "G1 Main Marker" [stack: 0x00000045e4300000,0x00000045e4400000] [id=22616]
  0x000001ec5915e8d0 WorkerThread "G1 Conc#0" [stack: 0x00000045e4400000,0x00000045e4500000] [id=25272]
  0x000001ec014bc140 WorkerThread "G1 Conc#1" [stack: 0x00000045e5f00000,0x00000045e6000000] [id=32024]
  0x000001ec7a5c2160 ConcurrentGCThread "G1 Refine#0" [stack: 0x00000045e4500000,0x00000045e4600000] [id=17380]
  0x000001ec7a5c2c00 ConcurrentGCThread "G1 Service" [stack: 0x00000045e4600000,0x00000045e4700000] [id=9852]

Threads with active compile tasks:
C1 CompilerThread0  79562708 7976       3       javax.management.ObjectName::construct (1135 bytes)

VM state: not at safepoint (normal execution)

VM Mutex/Monitor currently owned by a thread: None

Heap address: 0x0000000704400000, size: 4028 MB, Compressed Oops mode: Zero based, Oop shift amount: 3

CDS archive(s) mapped at: [0x0000000800000000-0x0000000800c60000-0x0000000800c60000), size 12976128, SharedBaseAddress: 0x0000000800000000, ArchiveRelocationMode: 0.
Compressed class space mapped at: 0x0000000801000000-0x0000000841000000, reserved size: 1073741824
Narrow klass base: 0x0000000800000000, Narrow klass shift: 0, Narrow klass range: 0x100000000

GC Precious Log:
 CardTable entry size: 512
 Card Set container configuration: InlinePtr #cards 4 size 8 Array Of Cards #cards 16 size 48 Howl #buckets 8 coarsen threshold 3686 Howl Bitmap #cards 512 size 80 coarsen threshold 460 Card regions per heap region 1 cards per card region 4096
 CPUs: 8 total, 8 available
 Memory: 16106M
 Large Page Support: Disabled
 NUMA Support: Disabled
 Compressed Oops: Enabled (Zero based)
 Heap Region Size: 2M
 Heap Min Capacity: 8M
 Heap Initial Capacity: 252M
 Heap Max Capacity: 4028M
 Pre-touch: Disabled
 Parallel Workers: 8
 Concurrent Workers: 2
 Concurrent Refinement Workers: 8
 Periodic GC: Disabled

Heap:
 garbage-first heap   total 61440K, used 46546K [0x0000000704400000, 0x0000000800000000)
  region size 2048K, 15 young (30720K), 1 survivors (2048K)
 Metaspace       used 45766K, committed 46336K, reserved 1114112K
  class space    used 5402K, committed 5696K, reserved 1048576K

Heap Regions: E=young(eden), S=young(survivor), O=old, HS=humongous(starts), HC=humongous(continues), CS=collection set, F=free, OA=open archive, CA=closed archive, TAMS=top-at-mark-start, PB=parsable bottom
|   0|0x0000000704400000, 0x0000000704600000, 0x0000000704600000|100%| O|  |TAMS 0x0000000704400000| PB 0x0000000704400000| Untracked 
|   1|0x0000000704600000, 0x0000000704800000, 0x0000000704800000|100%| O|  |TAMS 0x0000000704600000| PB 0x0000000704600000| Untracked 
|   2|0x0000000704800000, 0x00000007049fffd0, 0x0000000704a00000| 99%| O|  |TAMS 0x0000000704800000| PB 0x0000000704800000| Untracked 
|   3|0x0000000704a00000, 0x0000000704bfffe0, 0x0000000704c00000| 99%| O|  |TAMS 0x0000000704a00000| PB 0x0000000704a00000| Untracked 
|   4|0x0000000704c00000, 0x0000000704e00000, 0x0000000704e00000|100%| O|  |TAMS 0x0000000704c00000| PB 0x0000000704c00000| Untracked 
|   5|0x0000000704e00000, 0x0000000704fffff8, 0x0000000705000000| 99%| O|  |TAMS 0x0000000704e00000| PB 0x0000000704e00000| Untracked 
|   6|0x0000000705000000, 0x00000007051fff78, 0x0000000705200000| 99%| O|  |TAMS 0x0000000705000000| PB 0x0000000705000000| Untracked 
|   7|0x0000000705200000, 0x0000000705376070, 0x0000000705400000| 73%| O|  |TAMS 0x0000000705200000| PB 0x0000000705200000| Untracked 
|   8|0x0000000705400000, 0x00000007054a09a8, 0x0000000705600000| 31%| O|  |TAMS 0x0000000705400000| PB 0x0000000705400000| Untracked 
|   9|0x0000000705600000, 0x0000000705800000, 0x0000000705800000|100%| O|  |TAMS 0x0000000705600000| PB 0x0000000705600000| Untracked 
|  10|0x0000000705800000, 0x0000000705862e00, 0x0000000705a00000| 19%| O|  |TAMS 0x0000000705800000| PB 0x0000000705800000| Untracked 
|  11|0x0000000705a00000, 0x0000000705a00000, 0x0000000705c00000|  0%| F|  |TAMS 0x0000000705a00000| PB 0x0000000705a00000| Untracked 
|  12|0x0000000705c00000, 0x0000000705c00000, 0x0000000705e00000|  0%| F|  |TAMS 0x0000000705c00000| PB 0x0000000705c00000| Untracked 
|  13|0x0000000705e00000, 0x0000000705efb490, 0x0000000706000000| 49%| S|CS|TAMS 0x0000000705e00000| PB 0x0000000705e00000| Complete 
|  14|0x0000000706000000, 0x0000000706000000, 0x0000000706200000|  0%| F|  |TAMS 0x0000000706000000| PB 0x0000000706000000| Untracked 
|  15|0x0000000706200000, 0x0000000706200000, 0x0000000706400000|  0%| F|  |TAMS 0x0000000706200000| PB 0x0000000706200000| Untracked 
|  16|0x0000000706400000, 0x000000070640a1a0, 0x0000000706600000|  1%| E|  |TAMS 0x0000000706400000| PB 0x0000000706400000| Complete 
|  17|0x0000000706600000, 0x0000000706800000, 0x0000000706800000|100%| E|CS|TAMS 0x0000000706600000| PB 0x0000000706600000| Complete 
|  18|0x0000000706800000, 0x0000000706a00000, 0x0000000706a00000|100%| E|CS|TAMS 0x0000000706800000| PB 0x0000000706800000| Complete 
|  19|0x0000000706a00000, 0x0000000706c00000, 0x0000000706c00000|100%| E|CS|TAMS 0x0000000706a00000| PB 0x0000000706a00000| Complete 
|  20|0x0000000706c00000, 0x0000000706e00000, 0x0000000706e00000|100%| E|CS|TAMS 0x0000000706c00000| PB 0x0000000706c00000| Complete 
|  21|0x0000000706e00000, 0x0000000707000000, 0x0000000707000000|100%| E|CS|TAMS 0x0000000706e00000| PB 0x0000000706e00000| Complete 
|  22|0x0000000707000000, 0x0000000707200000, 0x0000000707200000|100%| E|CS|TAMS 0x0000000707000000| PB 0x0000000707000000| Complete 
|  23|0x0000000707200000, 0x0000000707400000, 0x0000000707400000|100%| E|CS|TAMS 0x0000000707200000| PB 0x0000000707200000| Complete 
|  24|0x0000000707400000, 0x0000000707600000, 0x0000000707600000|100%| E|CS|TAMS 0x0000000707400000| PB 0x0000000707400000| Complete 
|  25|0x0000000707600000, 0x0000000707800000, 0x0000000707800000|100%| E|CS|TAMS 0x0000000707600000| PB 0x0000000707600000| Complete 
|  26|0x0000000707800000, 0x0000000707a00000, 0x0000000707a00000|100%| E|CS|TAMS 0x0000000707800000| PB 0x0000000707800000| Complete 
|  27|0x0000000707a00000, 0x0000000707c00000, 0x0000000707c00000|100%| E|CS|TAMS 0x0000000707a00000| PB 0x0000000707a00000| Complete 
|  28|0x0000000707c00000, 0x0000000707e00000, 0x0000000707e00000|100%| E|CS|TAMS 0x0000000707c00000| PB 0x0000000707c00000| Complete 
|  29|0x0000000707e00000, 0x0000000708000000, 0x0000000708000000|100%| E|CS|TAMS 0x0000000707e00000| PB 0x0000000707e00000| Complete 

Card table byte_map: [0x000001ec72e40000,0x000001ec73620000] _byte_map_base: 0x000001ec6f61e000

Marking Bits: (CMBitMap*) 0x000001ec5b2ee5f0
 Bits: [0x000001ec73e00000, 0x000001ec77cf0000)

Polling page: 0x000001ec591e0000

Metaspace:

Usage:
  Non-class:     39.42 MB used.
      Class:      5.28 MB used.
       Both:     44.69 MB used.

Virtual space:
  Non-class space:       64.00 MB reserved,      39.69 MB ( 62%) committed,  1 nodes.
      Class space:        1.00 GB reserved,       5.56 MB ( <1%) committed,  1 nodes.
             Both:        1.06 GB reserved,      45.25 MB (  4%) committed. 

Chunk freelists:
   Non-Class:  3.75 MB
       Class:  2.37 MB
        Both:  6.12 MB

MaxMetaspaceSize: unlimited
CompressedClassSpaceSize: 1.00 GB
Initial GC threshold: 21.00 MB
Current GC threshold: 74.50 MB
CDS: on
MetaspaceReclaimPolicy: balanced
 - commit_granule_bytes: 65536.
 - commit_granule_words: 8192.
 - virtual_space_node_default_size: 8388608.
 - enlarge_chunks_in_place: 1.
 - new_chunks_are_fully_committed: 0.
 - uncommit_free_chunks: 1.
 - use_allocation_guard: 0.


Internal statistics:

num_allocs_failed_limit: 6.
num_arena_births: 800.
num_arena_deaths: 262.
num_vsnodes_births: 2.
num_vsnodes_deaths: 0.
num_space_committed: 724.
num_space_uncommitted: 0.
num_chunks_returned_to_freelist: 274.
num_chunks_taken_from_freelist: 2446.
num_chunk_merges: 58.
num_chunk_splits: 1633.
num_chunks_enlarged: 1313.
num_inconsistent_stats: 0.

CodeHeap 'non-profiled nmethods': size=120000Kb used=4593Kb max_used=4593Kb free=115406Kb
 bounds [0x000001ec6ae00000, 0x000001ec6b280000, 0x000001ec72330000]
CodeHeap 'profiled nmethods': size=120000Kb used=14100Kb max_used=14315Kb free=105899Kb
 bounds [0x000001ec63330000, 0x000001ec64160000, 0x000001ec6a860000]
CodeHeap 'non-nmethods': size=5760Kb used=1759Kb max_used=1840Kb free=4000Kb
 bounds [0x000001ec6a860000, 0x000001ec6aad0000, 0x000001ec6ae00000]
 total_blobs=7064 nmethods=6449 adapters=524
 compilation: enabled
              stopped_count=0, restarted_count=0
 full_count=0

Compilation events (20 events):
Event: 77675.965 Thread 0x000001ec7e9083c0 nmethod 7966 0x000001ec6b27b390 code [0x000001ec6b27b500, 0x000001ec6b27b638]
Event: 78623.284 Thread 0x000001ec7a76d2c0 7967  s    3       org.h2.engine.Session::prepareCommand (6 bytes)
Event: 78623.284 Thread 0x000001ec7a76d2c0 nmethod 7967 0x000001ec636aad90 code [0x000001ec636aaf20, 0x000001ec636ab138]
Event: 78623.284 Thread 0x000001ec7a76d2c0 7968   !   3       org.h2.engine.Session::prepareLocal (175 bytes)
Event: 78623.286 Thread 0x000001ec7a76d2c0 nmethod 7968 0x000001ec63520710 code [0x000001ec63520a20, 0x000001ec63521ee8]
Event: 78623.286 Thread 0x000001ec7a76d2c0 7974       3       java.util.concurrent.ThreadPoolExecutor::ensurePrestart (41 bytes)
Event: 78623.287 Thread 0x000001ec7a76d2c0 nmethod 7974 0x000001ec63876d10 code [0x000001ec63876ec0, 0x000001ec63877178]
Event: 78623.287 Thread 0x000001ec7a76d2c0 7973       3       java.util.BitSet::recalculateWordsInUse (39 bytes)
Event: 78623.287 Thread 0x000001ec7a76d2c0 nmethod 7973 0x000001ec63877910 code [0x000001ec63877aa0, 0x000001ec63877ce0]
Event: 78623.287 Thread 0x000001ec7a76d2c0 7969   !   3       org.h2.engine.Session::waitIfExclusiveModeEnabled (72 bytes)
Event: 78623.287 Thread 0x000001ec7a76d2c0 nmethod 7969 0x000001ec63a62c10 code [0x000001ec63a62e60, 0x000001ec63a637d0]
Event: 78623.287 Thread 0x000001ec7a76d2c0 7970       1       org.h2.engine.Session::getAllowLiterals (5 bytes)
Event: 78623.287 Thread 0x000001ec7a76d2c0 nmethod 7970 0x000001ec6b27b790 code [0x000001ec6b27b900, 0x000001ec6b27b9d0]
Event: 78623.287 Thread 0x000001ec7a76d2c0 7971       1       org.h2.result.ResultWithGeneratedKeys::getUpdateCount (5 bytes)
Event: 78623.288 Thread 0x000001ec7a76d2c0 nmethod 7971 0x000001ec6b27ba90 code [0x000001ec6b27bc00, 0x000001ec6b27bcc8]
Event: 78623.288 Thread 0x000001ec7a76d2c0 7972       1       org.h2.engine.Database::getResultFactory (5 bytes)
Event: 78623.288 Thread 0x000001ec7a76d2c0 nmethod 7972 0x000001ec6b27bd90 code [0x000001ec6b27bf00, 0x000001ec6b27bfd0]
Event: 78826.508 Thread 0x000001ec7e9083c0 7975   !   4       java.util.concurrent.locks.LockSupport::park (47 bytes)
Event: 78826.510 Thread 0x000001ec7e9083c0 nmethod 7975 0x000001ec6b27c090 code [0x000001ec6b27c220, 0x000001ec6b27c460]
Event: 79562.660 Thread 0x000001ec7a76d2c0 7976       3       javax.management.ObjectName::construct (1135 bytes)

GC Heap History (20 events):
Event: 73139.362 GC heap before
{Heap before GC invocations=23 (full 2):
 garbage-first heap   total 61440K, used 50622K [0x0000000704400000, 0x0000000800000000)
  region size 2048K, 16 young (32768K), 1 survivors (2048K)
 Metaspace       used 45700K, committed 46272K, reserved 1114112K
  class space    used 5402K, committed 5696K, reserved 1048576K
}
Event: 73139.363 GC heap after
{Heap after GC invocations=24 (full 2):
 garbage-first heap   total 61440K, used 19913K [0x0000000704400000, 0x0000000800000000)
  region size 2048K, 1 young (2048K), 1 survivors (2048K)
 Metaspace       used 45700K, committed 46272K, reserved 1114112K
  class space    used 5402K, committed 5696K, reserved 1048576K
}
Event: 73721.411 GC heap before
{Heap before GC invocations=24 (full 2):
 garbage-first heap   total 61440K, used 50633K [0x0000000704400000, 0x0000000800000000)
  region size 2048K, 16 young (32768K), 1 survivors (2048K)
 Metaspace       used 45700K, committed 46272K, reserved 1114112K
  class space    used 5402K, committed 5696K, reserved 1048576K
}
Event: 73721.412 GC heap after
{Heap after GC invocations=25 (full 2):
 garbage-first heap   total 61440K, used 19874K [0x0000000704400000, 0x0000000800000000)
  region size 2048K, 1 young (2048K), 1 survivors (2048K)
 Metaspace       used 45700K, committed 46272K, reserved 1114112K
  class space    used 5402K, committed 5696K, reserved 1048576K
}
Event: 74302.565 GC heap before
{Heap before GC invocations=25 (full 2):
 garbage-first heap   total 61440K, used 50594K [0x0000000704400000, 0x0000000800000000)
  region size 2048K, 16 young (32768K), 1 survivors (2048K)
 Metaspace       used 45712K, committed 46272K, reserved 1114112K
  class space    used 5402K, committed 5696K, reserved 1048576K
}
Event: 74302.567 GC heap after
{Heap after GC invocations=26 (full 2):
 garbage-first heap   total 61440K, used 19945K [0x0000000704400000, 0x0000000800000000)
  region size 2048K, 1 young (2048K), 1 survivors (2048K)
 Metaspace       used 45712K, committed 46272K, reserved 1114112K
  class space    used 5402K, committed 5696K, reserved 1048576K
}
Event: 74873.749 GC heap before
{Heap before GC invocations=26 (full 2):
 garbage-first heap   total 61440K, used 50665K [0x0000000704400000, 0x0000000800000000)
  region size 2048K, 16 young (32768K), 1 survivors (2048K)
 Metaspace       used 45721K, committed 46272K, reserved 1114112K
  class space    used 5402K, committed 5696K, reserved 1048576K
}
Event: 74873.751 GC heap after
{Heap after GC invocations=27 (full 2):
 garbage-first heap   total 61440K, used 19927K [0x0000000704400000, 0x0000000800000000)
  region size 2048K, 1 young (2048K), 1 survivors (2048K)
 Metaspace       used 45721K, committed 46272K, reserved 1114112K
  class space    used 5402K, committed 5696K, reserved 1048576K
}
Event: 75454.284 GC heap before
{Heap before GC invocations=27 (full 2):
 garbage-first heap   total 61440K, used 50647K [0x0000000704400000, 0x0000000800000000)
  region size 2048K, 16 young (32768K), 1 survivors (2048K)
 Metaspace       used 45721K, committed 46272K, reserved 1114112K
  class space    used 5402K, committed 5696K, reserved 1048576K
}
Event: 75454.285 GC heap after
{Heap after GC invocations=28 (full 2):
 garbage-first heap   total 61440K, used 19929K [0x0000000704400000, 0x0000000800000000)
  region size 2048K, 1 young (2048K), 1 survivors (2048K)
 Metaspace       used 45721K, committed 46272K, reserved 1114112K
  class space    used 5402K, committed 5696K, reserved 1048576K
}
Event: 76037.518 GC heap before
{Heap before GC invocations=28 (full 2):
 garbage-first heap   total 61440K, used 50649K [0x0000000704400000, 0x0000000800000000)
  region size 2048K, 16 young (32768K), 1 survivors (2048K)
 Metaspace       used 45721K, committed 46272K, reserved 1114112K
  class space    used 5402K, committed 5696K, reserved 1048576K
}
Event: 76037.519 GC heap after
{Heap after GC invocations=29 (full 2):
 garbage-first heap   total 61440K, used 19931K [0x0000000704400000, 0x0000000800000000)
  region size 2048K, 1 young (2048K), 1 survivors (2048K)
 Metaspace       used 45721K, committed 46272K, reserved 1114112K
  class space    used 5402K, committed 5696K, reserved 1048576K
}
Event: 76607.505 GC heap before
{Heap before GC invocations=29 (full 2):
 garbage-first heap   total 61440K, used 50651K [0x0000000704400000, 0x0000000800000000)
  region size 2048K, 16 young (32768K), 1 survivors (2048K)
 Metaspace       used 45750K, committed 46272K, reserved 1114112K
  class space    used 5402K, committed 5696K, reserved 1048576K
}
Event: 76607.506 GC heap after
{Heap after GC invocations=30 (full 2):
 garbage-first heap   total 61440K, used 19927K [0x0000000704400000, 0x0000000800000000)
  region size 2048K, 1 young (2048K), 1 survivors (2048K)
 Metaspace       used 45750K, committed 46272K, reserved 1114112K
  class space    used 5402K, committed 5696K, reserved 1048576K
}
Event: 77188.875 GC heap before
{Heap before GC invocations=30 (full 2):
 garbage-first heap   total 61440K, used 50647K [0x0000000704400000, 0x0000000800000000)
  region size 2048K, 16 young (32768K), 1 survivors (2048K)
 Metaspace       used 45750K, committed 46272K, reserved 1114112K
  class space    used 5402K, committed 5696K, reserved 1048576K
}
Event: 77188.876 GC heap after
{Heap after GC invocations=31 (full 2):
 garbage-first heap   total 61440K, used 19879K [0x0000000704400000, 0x0000000800000000)
  region size 2048K, 1 young (2048K), 1 survivors (2048K)
 Metaspace       used 45750K, committed 46272K, reserved 1114112K
  class space    used 5402K, committed 5696K, reserved 1048576K
}
Event: 77766.055 GC heap before
{Heap before GC invocations=31 (full 2):
 garbage-first heap   total 61440K, used 50599K [0x0000000704400000, 0x0000000800000000)
  region size 2048K, 16 young (32768K), 1 survivors (2048K)
 Metaspace       used 45750K, committed 46272K, reserved 1114112K
  class space    used 5402K, committed 5696K, reserved 1048576K
}
Event: 77766.056 GC heap after
{Heap after GC invocations=32 (full 2):
 garbage-first heap   total 61440K, used 19906K [0x0000000704400000, 0x0000000800000000)
  region size 2048K, 1 young (2048K), 1 survivors (2048K)
 Metaspace       used 45750K, committed 46272K, reserved 1114112K
  class space    used 5402K, committed 5696K, reserved 1048576K
}
Event: 79074.357 GC heap before
{Heap before GC invocations=32 (full 2):
 garbage-first heap   total 61440K, used 50626K [0x0000000704400000, 0x0000000800000000)
  region size 2048K, 16 young (32768K), 1 survivors (2048K)
 Metaspace       used 45759K, committed 46272K, reserved 1114112K
  class space    used 5402K, committed 5696K, reserved 1048576K
}
Event: 79074.358 GC heap after
{Heap after GC invocations=33 (full 2):
 garbage-first heap   total 61440K, used 19922K [0x0000000704400000, 0x0000000800000000)
  region size 2048K, 1 young (2048K), 1 survivors (2048K)
 Metaspace       used 45759K, committed 46272K, reserved 1114112K
  class space    used 5402K, committed 5696K, reserved 1048576K
}

Dll operation events (14 events):
Event: 0.010 Loaded shared library C:\Users\user\.jdks\openjdk-20.0.1\bin\java.dll
Event: 0.023 Loaded shared library C:\Users\user\.jdks\openjdk-20.0.1\bin\jsvml.dll
Event: 0.107 Loaded shared library C:\Users\user\.jdks\openjdk-20.0.1\bin\zip.dll
Event: 0.109 Loaded shared library C:\Users\user\.jdks\openjdk-20.0.1\bin\instrument.dll
Event: 0.115 Loaded shared library C:\Users\user\.jdks\openjdk-20.0.1\bin\net.dll
Event: 0.117 Loaded shared library C:\Users\user\.jdks\openjdk-20.0.1\bin\nio.dll
Event: 0.120 Loaded shared library C:\Users\user\.jdks\openjdk-20.0.1\bin\zip.dll
Event: 0.197 Loaded shared library C:\Users\user\IntelliJ IDEA Community Edition 2023.1.4\bin\breakgen64.dll
Event: 0.209 Loaded shared library C:\Users\user\.jdks\openjdk-20.0.1\bin\extnet.dll
Event: 0.231 Loaded shared library C:\Users\user\.jdks\openjdk-20.0.1\bin\verify.dll
Event: 0.235 Loaded shared library C:\Users\user\.jdks\openjdk-20.0.1\bin\jimage.dll
Event: 0.512 Loaded shared library C:\Users\user\.jdks\openjdk-20.0.1\bin\management.dll
Event: 0.514 Loaded shared library C:\Users\user\.jdks\openjdk-20.0.1\bin\management_ext.dll
Event: 4.455 Loaded shared library C:\Users\user\.jdks\openjdk-20.0.1\bin\sunmscapi.dll

Deoptimization events (20 events):
Event: 63021.608 Thread 0x000001ec025d1ff0 Uncommon trap: trap_request=0xffffff45 fr.pc=0x000001ec6b1663e0 relative=0x00000000000008c0
Event: 63021.608 Thread 0x000001ec025d1ff0 Uncommon trap: reason=unstable_if action=reinterpret pc=0x000001ec6b1663e0 method=java.util.concurrent.ScheduledThreadPoolExecutor$DelayedWorkQueue.take()Ljava/util/concurrent/RunnableScheduledFuture; @ 59 c2
Event: 63021.608 Thread 0x000001ec025d1ff0 DEOPT PACKING pc=0x000001ec6b1663e0 sp=0x00000045e62fed00
Event: 63021.608 Thread 0x000001ec025d1ff0 DEOPT UNPACKING pc=0x000001ec6a87d2a2 sp=0x00000045e62feca0 mode 2
Event: 79562.681 Thread 0x000001ec025d5fb0 Uncommon trap: trap_request=0xffffffbe fr.pc=0x000001ec6b2527fc relative=0x00000000000023fc
Event: 79562.681 Thread 0x000001ec025d5fb0 Uncommon trap: reason=profile_predicate action=maybe_recompile pc=0x000001ec6b2527fc method=org.springframework.util.ReflectionUtils.doWithLocalFields(Ljava/lang/Class;Lorg/springframework/util/ReflectionUtils$FieldCallback;)V @ 14 c2
Event: 79562.681 Thread 0x000001ec025d5fb0 DEOPT PACKING pc=0x000001ec6b2527fc sp=0x00000045e68fe070
Event: 79562.681 Thread 0x000001ec025d5fb0 DEOPT UNPACKING pc=0x000001ec6a87d2a2 sp=0x00000045e68fe060 mode 2
Event: 79562.682 Thread 0x000001ec025d5fb0 Uncommon trap: trap_request=0xffffffbe fr.pc=0x000001ec6b2527fc relative=0x00000000000023fc
Event: 79562.682 Thread 0x000001ec025d5fb0 Uncommon trap: reason=profile_predicate action=maybe_recompile pc=0x000001ec6b2527fc method=org.springframework.util.ReflectionUtils.doWithLocalFields(Ljava/lang/Class;Lorg/springframework/util/ReflectionUtils$FieldCallback;)V @ 14 c2
Event: 79562.682 Thread 0x000001ec025d5fb0 DEOPT PACKING pc=0x000001ec6b2527fc sp=0x00000045e68fdf90
Event: 79562.682 Thread 0x000001ec025d5fb0 DEOPT UNPACKING pc=0x000001ec6a87d2a2 sp=0x00000045e68fdf80 mode 2
Event: 79562.685 Thread 0x000001ec025d5fb0 Uncommon trap: trap_request=0xffffffbe fr.pc=0x000001ec6b2527fc relative=0x00000000000023fc
Event: 79562.685 Thread 0x000001ec025d5fb0 Uncommon trap: reason=profile_predicate action=maybe_recompile pc=0x000001ec6b2527fc method=org.springframework.util.ReflectionUtils.doWithLocalFields(Ljava/lang/Class;Lorg/springframework/util/ReflectionUtils$FieldCallback;)V @ 14 c2
Event: 79562.685 Thread 0x000001ec025d5fb0 DEOPT PACKING pc=0x000001ec6b2527fc sp=0x00000045e68fe070
Event: 79562.685 Thread 0x000001ec025d5fb0 DEOPT UNPACKING pc=0x000001ec6a87d2a2 sp=0x00000045e68fe060 mode 2
Event: 79562.685 Thread 0x000001ec025d5fb0 Uncommon trap: trap_request=0xffffffbe fr.pc=0x000001ec6b2527fc relative=0x00000000000023fc
Event: 79562.685 Thread 0x000001ec025d5fb0 Uncommon trap: reason=profile_predicate action=maybe_recompile pc=0x000001ec6b2527fc method=org.springframework.util.ReflectionUtils.doWithLocalFields(Ljava/lang/Class;Lorg/springframework/util/ReflectionUtils$FieldCallback;)V @ 14 c2
Event: 79562.685 Thread 0x000001ec025d5fb0 DEOPT PACKING pc=0x000001ec6b2527fc sp=0x00000045e68fdf90
Event: 79562.685 Thread 0x000001ec025d5fb0 DEOPT UNPACKING pc=0x000001ec6a87d2a2 sp=0x00000045e68fdf80 mode 2

Classes loaded (20 events):
Event: 62193.943 Loading class java/lang/ref/Finalizer$1
Event: 62193.943 Loading class java/lang/ref/Finalizer$1 done
Event: 62194.959 Loading class java/util/function/IntUnaryOperator
Event: 62194.959 Loading class java/util/function/IntUnaryOperator done
Event: 62194.960 Loading class java/util/stream/IntPipeline$4
Event: 62194.960 Loading class java/util/stream/IntPipeline$4 done
Event: 62194.962 Loading class java/util/stream/ForEachOps$ForEachOp$OfInt
Event: 62194.965 Loading class java/util/stream/ForEachOps$ForEachOp$OfInt done
Event: 62194.965 Loading class java/util/stream/IntPipeline$4$1
Event: 62194.965 Loading class java/util/stream/IntPipeline$4$1 done
Event: 62195.105 Loading class java/lang/ObjectCustomizer
Event: 62195.105 Loading class java/lang/ObjectCustomizer done
Event: 62195.105 Loading class java/lang/ObjectCustomizer
Event: 62195.105 Loading class java/lang/ObjectCustomizer done
Event: 62195.134 Loading class java/time/DurationEditor
Event: 62195.134 Loading class java/time/DurationEditor done
Event: 62301.072 Loading class java/lang/ObjectCustomizer
Event: 62301.072 Loading class java/lang/ObjectCustomizer done
Event: 62301.072 Loading class java/lang/ObjectCustomizer
Event: 62301.072 Loading class java/lang/ObjectCustomizer done

Classes unloaded (20 events):
Event: 62300.241 Thread 0x000001ec7a743010 Unloading class 0x0000000801470800 'java/lang/invoke/LambdaForm$MH+0x0000000801470800'
Event: 62300.241 Thread 0x000001ec7a743010 Unloading class 0x0000000801448c00 'java/lang/invoke/LambdaForm$MH+0x0000000801448c00'
Event: 62300.241 Thread 0x000001ec7a743010 Unloading class 0x0000000801439c00 'java/lang/invoke/LambdaForm$MH+0x0000000801439c00'
Event: 62300.241 Thread 0x000001ec7a743010 Unloading class 0x0000000801438c00 'java/lang/invoke/LambdaForm$MH+0x0000000801438c00'
Event: 62300.241 Thread 0x000001ec7a743010 Unloading class 0x0000000801431c00 'java/lang/invoke/LambdaForm$MH+0x0000000801431c00'
Event: 62300.241 Thread 0x000001ec7a743010 Unloading class 0x0000000801431800 'java/lang/invoke/LambdaForm$MH+0x0000000801431800'
Event: 62300.241 Thread 0x000001ec7a743010 Unloading class 0x0000000801430800 'java/lang/invoke/LambdaForm$MH+0x0000000801430800'
Event: 62300.241 Thread 0x000001ec7a743010 Unloading class 0x0000000801430400 'java/lang/invoke/LambdaForm$MH+0x0000000801430400'
Event: 62300.241 Thread 0x000001ec7a743010 Unloading class 0x0000000801409800 'java/lang/invoke/LambdaForm$MH+0x0000000801409800'
Event: 62300.241 Thread 0x000001ec7a743010 Unloading class 0x0000000801408400 'java/lang/invoke/LambdaForm$MH+0x0000000801408400'
Event: 62300.241 Thread 0x000001ec7a743010 Unloading class 0x000000080138c400 'java/lang/invoke/LambdaForm$MH+0x000000080138c400'
Event: 62300.241 Thread 0x000001ec7a743010 Unloading class 0x0000000801384c00 'java/lang/invoke/LambdaForm$MH+0x0000000801384c00'
Event: 62300.241 Thread 0x000001ec7a743010 Unloading class 0x000000080132d400 'java/lang/invoke/LambdaForm$MH+0x000000080132d400'
Event: 62300.241 Thread 0x000001ec7a743010 Unloading class 0x000000080132c800 'java/lang/invoke/LambdaForm$MH+0x000000080132c800'
Event: 62300.241 Thread 0x000001ec7a743010 Unloading class 0x000000080131c800 'java/lang/invoke/LambdaForm$MH+0x000000080131c800'
Event: 62300.241 Thread 0x000001ec7a743010 Unloading class 0x0000000801305400 'java/lang/invoke/LambdaForm$MH+0x0000000801305400'
Event: 62300.241 Thread 0x000001ec7a743010 Unloading class 0x0000000801304800 'java/lang/invoke/LambdaForm$MH+0x0000000801304800'
Event: 62300.241 Thread 0x000001ec7a743010 Unloading class 0x00000008012dc800 'java/lang/invoke/LambdaForm$MH+0x00000008012dc800'
Event: 62300.241 Thread 0x000001ec7a743010 Unloading class 0x00000008011c4400 'java/lang/invoke/LambdaForm$MH+0x00000008011c4400'
Event: 62300.241 Thread 0x000001ec7a743010 Unloading class 0x0000000801000400 'java/lang/invoke/LambdaForm$MH+0x0000000801000400'

Classes redefined (0 events):
No events

Internal exceptions (20 events):
Event: 62300.993 Thread 0x000001ec0006b960 Exception <a 'java/lang/NullPointerException'{0x000000070623cb90}> (0x000000070623cb90) 
thrown [s\open\src\hotspot\share\runtime\sharedRuntime.cpp, line 709]
Event: 62300.993 Thread 0x000001ec0006b960 Implicit null exception at 0x000001ec6379ac8d to 0x000001ec6379b261
Event: 62300.993 Thread 0x000001ec0006b960 Exception <a 'java/lang/NullPointerException'{0x000000070623dc88}> (0x000000070623dc88) 
thrown [s\open\src\hotspot\share\runtime\sharedRuntime.cpp, line 709]
Event: 62300.994 Thread 0x000001ec0006b960 Implicit null exception at 0x000001ec6379ac8d to 0x000001ec6379b261
Event: 62300.994 Thread 0x000001ec0006b960 Exception <a 'java/lang/NullPointerException'{0x000000070623edf0}> (0x000000070623edf0) 
thrown [s\open\src\hotspot\share\runtime\sharedRuntime.cpp, line 709]
Event: 62300.994 Thread 0x000001ec0006b960 Implicit null exception at 0x000001ec6379ac8d to 0x000001ec6379b261
Event: 62300.994 Thread 0x000001ec0006b960 Exception <a 'java/lang/NullPointerException'{0x000000070623fee8}> (0x000000070623fee8) 
thrown [s\open\src\hotspot\share\runtime\sharedRuntime.cpp, line 709]
Event: 62300.994 Thread 0x000001ec0006b960 Implicit null exception at 0x000001ec6379ac8d to 0x000001ec6379b261
Event: 62300.994 Thread 0x000001ec0006b960 Exception <a 'java/lang/NullPointerException'{0x0000000706241040}> (0x0000000706241040) 
thrown [s\open\src\hotspot\share\runtime\sharedRuntime.cpp, line 709]
Event: 62300.994 Thread 0x000001ec0006b960 Implicit null exception at 0x000001ec6379ac8d to 0x000001ec6379b261
Event: 62300.994 Thread 0x000001ec0006b960 Exception <a 'java/lang/NullPointerException'{0x0000000706242928}> (0x0000000706242928) 
thrown [s\open\src\hotspot\share\runtime\sharedRuntime.cpp, line 709]
Event: 62301.072 Thread 0x000001ec0006b960 Exception <a 'java/lang/ClassNotFoundException'{0x0000000705e8c3f8}: java/lang/ObjectCustomizer> (0x0000000705e8c3f8) 
thrown [s\open\src\hotspot\share\classfile\systemDictionary.cpp, line 305]
Event: 62301.073 Thread 0x000001ec0006b960 Exception <a 'java/lang/ClassNotFoundException'{0x0000000705e94028}: org/springframework/security/config/annotation/web/configuration/WebSecurityConfigurerAdapterCustomizer> (0x0000000705e94028) 
thrown [s\open\src\hotspot\share\classfile\systemDictionary.cpp, line 305]
Event: 62301.074 Thread 0x000001ec0006b960 Exception <a 'java/lang/ClassNotFoundException'{0x0000000705ea29d0}: com/udacity/jwdnd/course1/cloudstorage/config/SecurityConfigCustomizer> (0x0000000705ea29d0) 
thrown [s\open\src\hotspot\share\classfile\systemDictionary.cpp, line 305]
Event: 62301.075 Thread 0x000001ec0006b960 Exception <a 'java/lang/ClassNotFoundException'{0x0000000705ea9ad0}: com/udacity/jwdnd/course1/cloudstorage/config/SecurityConfig$$EnhancerBySpringCGLIB$$48eeeaebCustomizer> (0x0000000705ea9ad0) 
thrown [s\open\src\hotspot\share\classfile\systemDictionary.cpp, line 305]
Event: 62301.077 Thread 0x000001ec0006b960 Exception <a 'java/lang/ClassNotFoundException'{0x0000000705eba510}: org/springframework/context/annotation/ConfigurationClassEnhancer$EnhancedConfigurationCustomizer> (0x0000000705eba510) 
thrown [s\open\src\hotspot\share\classfile\systemDictionary.cpp, line 305]
Event: 62301.077 Thread 0x000001ec0006b960 Exception <a 'java/lang/ClassNotFoundException'{0x0000000705ebdc00}: org/springframework/beans/factory/BeanFactoryAwareCustomizer> (0x0000000705ebdc00) 
thrown [s\open\src\hotspot\share\classfile\systemDictionary.cpp, line 305]
Event: 62301.078 Thread 0x000001ec0006b960 Exception <a 'java/lang/ClassNotFoundException'{0x0000000705ec28c8}: org/springframework/beans/factory/AwareCustomizer> (0x0000000705ec28c8) 
thrown [s\open\src\hotspot\share\classfile\systemDictionary.cpp, line 305]
Event: 62301.079 Thread 0x000001ec0006b960 Exception <a 'java/lang/ClassNotFoundException'{0x0000000705ec62f0}: org/springframework/security/config/annotation/web/WebSecurityConfigurerCustomizer> (0x0000000705ec62f0) 
thrown [s\open\src\hotspot\share\classfile\systemDictionary.cpp, line 305]
Event: 62301.079 Thread 0x000001ec0006b960 Exception <a 'java/lang/ClassNotFoundException'{0x0000000705ec9d90}: org/springframework/security/config/annotation/SecurityConfigurerCustomizer> (0x0000000705ec9d90) 
thrown [s\open\src\hotspot\share\classfile\systemDictionary.cpp, line 305]

VM Operations (20 events):
Event: 75454.284 Executing VM operation: G1CollectForAllocation
Event: 75454.285 Executing VM operation: G1CollectForAllocation done
Event: 76037.518 Executing VM operation: G1CollectForAllocation
Event: 76037.519 Executing VM operation: G1CollectForAllocation done
Event: 76475.830 Executing VM operation: Cleanup
Event: 76475.830 Executing VM operation: Cleanup done
Event: 76507.181 Executing VM operation: Cleanup
Event: 76507.181 Executing VM operation: Cleanup done
Event: 76607.505 Executing VM operation: G1CollectForAllocation
Event: 76607.506 Executing VM operation: G1CollectForAllocation done
Event: 76926.507 Executing VM operation: Cleanup
Event: 76926.507 Executing VM operation: Cleanup done
Event: 77016.539 Executing VM operation: Cleanup
Event: 77016.539 Executing VM operation: Cleanup done
Event: 77188.875 Executing VM operation: G1CollectForAllocation
Event: 77188.876 Executing VM operation: G1CollectForAllocation done
Event: 77766.055 Executing VM operation: G1CollectForAllocation
Event: 77766.056 Executing VM operation: G1CollectForAllocation done
Event: 79074.357 Executing VM operation: G1CollectForAllocation
Event: 79074.358 Executing VM operation: G1CollectForAllocation done

Events (20 events):
Event: 74724.083 Thread 0x000001ec025d0560 Thread added: 0x000001ec025d0560
Event: 74724.084 Thread 0x000001ec025d3fd0 Thread added: 0x000001ec025d3fd0
Event: 74732.335 Thread 0x000001ec025d3fd0 Thread exited: 0x000001ec025d3fd0
Event: 74732.335 Thread 0x000001ec025d0560 Thread exited: 0x000001ec025d0560
Event: 76475.384 Thread 0x000001ec025d3fd0 Thread added: 0x000001ec025d3fd0
Event: 76475.385 Thread 0x000001ec025d0560 Thread added: 0x000001ec025d0560
Event: 76482.423 Thread 0x000001ec025d0560 Thread exited: 0x000001ec025d0560
Event: 76482.423 Thread 0x000001ec025d3fd0 Thread exited: 0x000001ec025d3fd0
Event: 76484.516 Thread 0x000001ec025d0560 Thread added: 0x000001ec025d0560
Event: 76484.516 Thread 0x000001ec025d3fd0 Thread added: 0x000001ec025d3fd0
Event: 76489.524 Thread 0x000001ec025d0560 Thread exited: 0x000001ec025d0560
Event: 76489.525 Thread 0x000001ec025d3fd0 Thread exited: 0x000001ec025d3fd0
Event: 76493.595 Thread 0x000001ec025d3fd0 Thread added: 0x000001ec025d3fd0
Event: 76493.595 Thread 0x000001ec025d0560 Thread added: 0x000001ec025d0560
Event: 76515.564 Thread 0x000001ec025d3fd0 Thread exited: 0x000001ec025d3fd0
Event: 76515.564 Thread 0x000001ec025d0560 Thread exited: 0x000001ec025d0560
Event: 78623.283 Thread 0x000001ec025d0560 Thread added: 0x000001ec025d0560
Event: 78623.283 Thread 0x000001ec025d3fd0 Thread added: 0x000001ec025d3fd0
Event: 78628.295 Thread 0x000001ec025d3fd0 Thread exited: 0x000001ec025d3fd0
Event: 78628.295 Thread 0x000001ec025d0560 Thread exited: 0x000001ec025d0560


Dynamic libraries:
0x00007ff6bea70000 - 0x00007ff6bea7e000 	C:\Users\user\.jdks\openjdk-20.0.1\bin\java.exe
0x00007fff42fb0000 - 0x00007fff431a8000 	C:\Windows\SYSTEM32\ntdll.dll
0x00007fff42400000 - 0x00007fff424bd000 	C:\Windows\System32\KERNEL32.DLL
0x00007fff40a20000 - 0x00007fff40d16000 	C:\Windows\System32\KERNELBASE.dll
0x00007fff40880000 - 0x00007fff40980000 	C:\Windows\System32\ucrtbase.dll
0x00007fff3b6b0000 - 0x00007fff3b6cb000 	C:\Users\user\.jdks\openjdk-20.0.1\bin\VCRUNTIME140.dll
0x00007fff3b6d0000 - 0x00007fff3b6e7000 	C:\Users\user\.jdks\openjdk-20.0.1\bin\jli.dll
0x00007fff42dd0000 - 0x00007fff42f6e000 	C:\Windows\System32\USER32.dll
0x00007fff409f0000 - 0x00007fff40a12000 	C:\Windows\System32\win32u.dll
0x00007fff1cb80000 - 0x00007fff1ce1a000 	C:\Windows\WinSxS\amd64_microsoft.windows.common-controls_6595b64144ccf1df_6.0.19041.1110_none_60b5254171f9507e\COMCTL32.dll
0x00007fff41010000 - 0x00007fff4103c000 	C:\Windows\System32\GDI32.dll
0x00007fff42360000 - 0x00007fff423fe000 	C:\Windows\System32\msvcrt.dll
0x00007fff40730000 - 0x00007fff4084a000 	C:\Windows\System32\gdi32full.dll
0x00007fff40690000 - 0x00007fff4072d000 	C:\Windows\System32\msvcp_win.dll
0x00007fff424c0000 - 0x00007fff424f0000 	C:\Windows\System32\IMM32.DLL
0x00007fff3b6a0000 - 0x00007fff3b6ac000 	C:\Users\user\.jdks\openjdk-20.0.1\bin\vcruntime140_1.dll
0x00007fff14600000 - 0x00007fff1468e000 	C:\Users\user\.jdks\openjdk-20.0.1\bin\msvcp140.dll
0x00007ffeeb2a0000 - 0x00007ffeebf37000 	C:\Users\user\.jdks\openjdk-20.0.1\bin\server\jvm.dll
0x00007fff413c0000 - 0x00007fff4146e000 	C:\Windows\System32\ADVAPI32.dll
0x00007fff428c0000 - 0x00007fff4295c000 	C:\Windows\System32\sechost.dll
0x00007fff416a0000 - 0x00007fff417c6000 	C:\Windows\System32\RPCRT4.dll
0x00007fff374b0000 - 0x00007fff374ba000 	C:\Windows\SYSTEM32\VERSION.dll
0x00007fff3e470000 - 0x00007fff3e497000 	C:\Windows\SYSTEM32\WINMM.dll
0x00007fff148c0000 - 0x00007fff148c9000 	C:\Windows\SYSTEM32\WSOCK32.dll
0x00007fff42850000 - 0x00007fff428bb000 	C:\Windows\System32\WS2_32.dll
0x00007fff3eee0000 - 0x00007fff3eef2000 	C:\Windows\SYSTEM32\kernel.appcore.dll
0x00007fff3b5e0000 - 0x00007fff3b5ea000 	C:\Users\user\.jdks\openjdk-20.0.1\bin\jimage.dll
0x00007fff3e0f0000 - 0x00007fff3e2d4000 	C:\Windows\SYSTEM32\DBGHELP.DLL
0x00007fff3e430000 - 0x00007fff3e464000 	C:\Windows\SYSTEM32\dbgcore.DLL
0x00007fff40d20000 - 0x00007fff40da2000 	C:\Windows\System32\bcryptPrimitives.dll
0x00007fff16090000 - 0x00007fff1609e000 	C:\Users\user\.jdks\openjdk-20.0.1\bin\instrument.dll
0x00007fff26fa0000 - 0x00007fff26fc6000 	C:\Users\user\.jdks\openjdk-20.0.1\bin\java.dll
0x00007fff14430000 - 0x00007fff14507000 	C:\Users\user\.jdks\openjdk-20.0.1\bin\jsvml.dll
0x00007fff41990000 - 0x00007fff420d5000 	C:\Windows\System32\SHELL32.dll
0x00007fff3e700000 - 0x00007fff3ee9b000 	C:\Windows\SYSTEM32\windows.storage.dll
0x00007fff424f0000 - 0x00007fff42844000 	C:\Windows\System32\combase.dll
0x00007fff400d0000 - 0x00007fff400fe000 	C:\Windows\SYSTEM32\Wldp.dll
0x00007fff41590000 - 0x00007fff4163d000 	C:\Windows\System32\SHCORE.dll
0x00007fff410c0000 - 0x00007fff41115000 	C:\Windows\System32\shlwapi.dll
0x00007fff405c0000 - 0x00007fff405e5000 	C:\Windows\SYSTEM32\profapi.dll
0x00007fff26f30000 - 0x00007fff26f48000 	C:\Users\user\.jdks\openjdk-20.0.1\bin\zip.dll
0x00007fff26f80000 - 0x00007fff26f93000 	C:\Users\user\.jdks\openjdk-20.0.1\bin\net.dll
0x00007fff3cbf0000 - 0x00007fff3ccfa000 	C:\Windows\SYSTEM32\WINHTTP.dll
0x00007fff3fe30000 - 0x00007fff3fe9a000 	C:\Windows\system32\mswsock.dll
0x00007fff26f50000 - 0x00007fff26f66000 	C:\Users\user\.jdks\openjdk-20.0.1\bin\nio.dll
0x00007fff146e0000 - 0x00007fff146fa000 	C:\Users\user\IntelliJ IDEA Community Edition 2023.1.4\bin\breakgen64.dll
0x00007fff16290000 - 0x00007fff16297000 	C:\Users\user\.jdks\openjdk-20.0.1\bin\extnet.dll
0x00007fff388e0000 - 0x00007fff388f0000 	C:\Users\user\.jdks\openjdk-20.0.1\bin\verify.dll
0x00007fff26f20000 - 0x00007fff26f2a000 	C:\Users\user\.jdks\openjdk-20.0.1\bin\management.dll
0x00007fff26f00000 - 0x00007fff26f0b000 	C:\Users\user\.jdks\openjdk-20.0.1\bin\management_ext.dll
0x00007fff417d0000 - 0x00007fff417d8000 	C:\Windows\System32\PSAPI.DLL
0x00007fff04070000 - 0x00007fff04087000 	C:\Windows\system32\napinsp.dll
0x00007fff04050000 - 0x00007fff0406b000 	C:\Windows\system32\pnrpnsp.dll
0x00007fff163f0000 - 0x00007fff16405000 	C:\Windows\system32\wshbth.dll
0x00007fff3c860000 - 0x00007fff3c87d000 	C:\Windows\system32\NLAapi.dll
0x00007fff3fad0000 - 0x00007fff3fb0b000 	C:\Windows\SYSTEM32\IPHLPAPI.DLL
0x00007fff3fb10000 - 0x00007fff3fbda000 	C:\Windows\SYSTEM32\DNSAPI.dll
0x00007fff41300000 - 0x00007fff41308000 	C:\Windows\System32\NSI.dll
0x00007fff04030000 - 0x00007fff04042000 	C:\Windows\System32\winrnr.dll
0x00000000564a0000 - 0x00000000564c6000 	C:\Program Files\Bonjour\mdnsNSP.dll
0x00007fff374a0000 - 0x00007fff374aa000 	C:\Windows\System32\rasadhlp.dll
0x00007fff34bd0000 - 0x00007fff34c52000 	C:\Windows\System32\fwpuclnt.dll
0x00007fff40850000 - 0x00007fff40877000 	C:\Windows\System32\bcrypt.dll
0x00007fff40020000 - 0x00007fff40038000 	C:\Windows\SYSTEM32\CRYPTSP.dll
0x00007fff3f6d0000 - 0x00007fff3f704000 	C:\Windows\system32\rsaenh.dll
0x00007fff40580000 - 0x00007fff405ae000 	C:\Windows\SYSTEM32\USERENV.dll
0x00007fff40040000 - 0x00007fff4004c000 	C:\Windows\SYSTEM32\CRYPTBASE.dll
0x00007fff35f40000 - 0x00007fff35f57000 	C:\Windows\SYSTEM32\dhcpcsvc6.DLL
0x00007fff36660000 - 0x00007fff3667d000 	C:\Windows\SYSTEM32\dhcpcsvc.DLL
0x00007fff16370000 - 0x00007fff1637e000 	C:\Users\user\.jdks\openjdk-20.0.1\bin\sunmscapi.dll
0x00007fff40e00000 - 0x00007fff40f5e000 	C:\Windows\System32\CRYPT32.dll
0x00007fff40140000 - 0x00007fff40168000 	C:\Windows\SYSTEM32\ncrypt.dll
0x00007fff40100000 - 0x00007fff4013b000 	C:\Windows\SYSTEM32\NTASN1.dll
0x00007fff043d0000 - 0x00007fff043d7000 	C:\Windows\system32\wshunix.dll

dbghelp: loaded successfully - version: 4.0.5 - missing functions: none
symbol engine: initialized successfully - sym options: 0x614 - pdb path: .;C:\Users\user\.jdks\openjdk-20.0.1\bin;C:\Windows\SYSTEM32;C:\Windows\WinSxS\amd64_microsoft.windows.common-controls_6595b64144ccf1df_6.0.19041.1110_none_60b5254171f9507e;C:\Users\user\.jdks\openjdk-20.0.1\bin\server;C:\Users\user\IntelliJ IDEA Community Edition 2023.1.4\bin;C:\Program Files\Bonjour

VM Arguments:
jvm_args: -javaagent:C:\Users\user\IntelliJ IDEA Community Edition 2023.1.4\lib\idea_rt.jar=54952:C:\Users\user\IntelliJ IDEA Community Edition 2023.1.4\bin -Dfile.encoding=UTF-8 -Dsun.stdout.encoding=UTF-8 -Dsun.stderr.encoding=UTF-8 
java_command: com.udacity.jwdnd.course1.cloudstorage.CloudStorageApplication
java_class_path (initial): C:\Users\user\Desktop\Udacity Course\Code snippets\FIRST PROJECT MAIN\starter\cloudstorage\target\classes;C:\Users\user\.m2\repository\org\springframework\boot\spring-boot-starter-security\2.2.4.RELEASE\spring-boot-starter-security-2.2.4.RELEASE.jar;C:\Users\user\.m2\repository\org\springframework\boot\spring-boot-starter\2.2.4.RELEASE\spring-boot-starter-2.2.4.RELEASE.jar;C:\Users\user\.m2\repository\org\springframework\boot\spring-boot-starter-logging\2.2.4.RELEASE\spring-boot-starter-logging-2.2.4.RELEASE.jar;C:\Users\user\.m2\repository\ch\qos\logback\logback-classic\1.2.3\logback-classic-1.2.3.jar;C:\Users\user\.m2\repository\ch\qos\logback\logback-core\1.2.3\logback-core-1.2.3.jar;C:\Users\user\.m2\repository\org\apache\logging\log4j\log4j-to-slf4j\2.12.1\log4j-to-slf4j-2.12.1.jar;C:\Users\user\.m2\repository\org\apache\logging\log4j\log4j-api\2.12.1\log4j-api-2.12.1.jar;C:\Users\user\.m2\repository\org\slf4j\jul-to-slf4j\1.7.30\jul-to-slf4j-1.7.30.jar;C:\Users\user\.m2\repository\jakarta\annotation\jakarta.annotation-api\1.3.5\jakarta.annotation-api-1.3.5.jar;C:\Users\user\.m2\repository\org\yaml\snakeyaml\1.25\snakeyaml-1.25.jar;C:\Users\user\.m2\repository\org\springframework\spring-aop\5.2.3.RELEASE\spring-aop-5.2.3.RELEASE.jar;C:\Users\user\.m2\repository\org\springframework\spring-beans\5.2.3.RELEASE\spring-beans-5.2.3.RELEASE.jar;C:\Users\user\.m2\repository\org\springframework\security\spring-security-config\5.2.1.RELEASE\spring-security-config-5.2.1.RELEASE.jar;C:\Users\user\.m2\repository\org\springframework\spring-context\5.2.3.RELEASE\spring-context-5.2.3.RELEASE.jar;C:\Users\user\.m2\repository\org\springframework\security\spring-security-web\5.2.1.RELEASE\spring-security-web-5.2.1.RELEASE.jar;C:\Users\user\.m2\repository\org\springframework\spring-expression\5.2.3.RELEASE\spring-expression-5.2.3.RELEASE.jar;C:\Users\user\.m2\repository\org\springframework\boot\spring-boot-starter-thymeleaf\2.2.4.RELEASE\spring-boot-starter-thymeleaf-2.2.4.RELEASE.jar;C:\Users\user\.m2\repository\org\thymeleaf\thymeleaf-spring5\3.0.11.RELEASE\thymeleaf-spring5-3.0.11.RELEASE.jar;C:\Users\user\.m2\repository\org\thymeleaf\thymeleaf\3.0.11.RELEASE\thymeleaf-3.0.11.RELEASE.jar;C:\Users\user\.m2\repository\org\attoparser\attoparser\2.0.5.RELEASE\attoparser-2.0.5.RELEASE.jar;C:\Users\user\.m2\repository\org\unbescape\unbescape\1.1.6.RELEASE\unbescape-1.1.6.RELEASE.jar;C:\Users\user\.m2\repository\org\thymeleaf\extras\thymeleaf-extras-java8time\3.0.4.RELEASE\thymeleaf-extras-java8time-3.0.4.RELEASE.jar;C:\Users\user\.m2\repository\org\springframework\boot\spring-boot-starter-web\2.2.4.RELEASE\spring-boot-starter-web-2.2.4.RELEASE.jar;C:\Users\user\.m2\repository\org\springframework\boot\spring-boot-starter-json\2.2.4.RELEASE\spring-boot-starter-json-2.2.4.RELEASE.jar;C:\Users\user\.m2\repository\com\fasterxml\jackson\core\jackson-databind\2.10.2\jackson-databind-2.10.2.jar;C:\Users\user\.m2\repository\com\fasterxml\jackson\core\jackson-annotations\2.10.2\jackson-annotations-2.10.2.jar;C:\Users\user\.m2\repository\com\fasterxml\jackson\core\jackson-core\2.10.2\jackson-core-2.10.2.jar;C:\Users\user\.m2\repository\com\fasterxml\jackson\datatype\jackson-datatype-jdk8\2.10.2\jackson-datatype-jdk8-2.10.2.jar;C:\Users\user\.m2\repository\com\fasterxml\jackson\datatype\jackson-datatype-jsr310\2.10.2\jackson-datatype-jsr310-2.10.2.jar;C:\Users\user\.m2\repository\com\fasterxml\jackson\module\jackson-module-parameter-names\2.10.2\jackson-module-parameter-names-2.10.2.jar;C:\Users\user\.m2\repository\org\springframework\boot\spring-boot-starter-tomcat\2.2.4.RELEASE\spring-boot-starter-tomcat-2.2.4.RELEASE.jar;C:\Users\user\.m2\repository\org\apache\tomcat\embed\tomcat-embed-core\9.0.30\tomcat-embed-core-9.0.30.jar;C:\Users\user\.m2\repository\org\apache\tomcat\embed\tomcat-embed-el\9.0.30\tomcat-embed-el-9.0.30.jar;C:\Users\user\.m2\repository\org\apache\tomcat\embed\tomcat-embed-websocket\9.0.30\tomcat-embed-websocket-9.0.30.jar;C:\Users\user\.m2\repository\org\springframework\boot\spring-boot-starter-validation\2.2.4.RELEASE\spring-boot-starter-validation-2.2.4.RELEASE.jar;C:\Users\user\.m2\repository\jakarta\validation\jakarta.validation-api\2.0.2\jakarta.validation-api-2.0.2.jar;C:\Users\user\.m2\repository\org\hibernate\validator\hibernate-validator\6.0.18.Final\hibernate-validator-6.0.18.Final.jar;C:\Users\user\.m2\repository\org\jboss\logging\jboss-logging\3.4.1.Final\jboss-logging-3.4.1.Final.jar;C:\Users\user\.m2\repository\com\fasterxml\classmate\1.5.1\classmate-1.5.1.jar;C:\Users\user\.m2\repository\org\springframework\spring-web\5.2.3.RELEASE\spring-web-5.2.3.RELEASE.jar;C:\Users\user\.m2\repository\org\springframework\spring-webmvc\5.2.3.RELEASE\spring-webmvc-5.2.3.RELEASE.jar;C:\Users\user\.m2\repository\org\mybatis\spring\boot\mybatis-spring-boot-starter\2.1.1\mybatis-spring-boot-starter-2.1.1.jar;C:\Users\user\.m2\repository\org\springframework\boot\spring-boot-starter-jdbc\2.2.4.RELEASE\spring-boot-starter-jdbc-2.2.4.RELEASE.jar;C:\Users\user\.m2\repository\com\zaxxer\HikariCP\3.4.2\HikariCP-3.4.2.jar;C:\Users\user\.m2\repository\org\springframework\spring-jdbc\5.2.3.RELEASE\spring-jdbc-5.2.3.RELEASE.jar;C:\Users\user\.m2\repository\org\springframework\spring-tx\5.2.3.RELEASE\spring-tx-5.2.3.RELEASE.jar;C:\Users\user\.m2\repository\org\mybatis\spring\boot\mybatis-spring-boot-autoconfigure\2.1.1\mybatis-spring-boot-autoconfigure-2.1.1.jar;C:\Users\user\.m2\repository\org\mybatis\mybatis\3.5.3\mybatis-3.5.3.jar;C:\Users\user\.m2\repository\org\mybatis\mybatis-spring\2.0.3\mybatis-spring-2.0.3.jar;C:\Users\user\.m2\repository\org\springframework\boot\spring-boot-devtools\2.2.4.RELEASE\spring-boot-devtools-2.2.4.RELEASE.jar;C:\Users\user\.m2\repository\org\springframework\boot\spring-boot\2.2.4.RELEASE\spring-boot-2.2.4.RELEASE.jar;C:\Users\user\.m2\repository\org\springframework\boot\spring-boot-autoconfigure\2.2.4.RELEASE\spring-boot-autoconfigure-2.2.4.RELEASE.jar;C:\Users\user\.m2\repository\com\h2database\h2\1.4.200\h2-1.4.200.jar;C:\Users\user\.m2\repository\org\springframework\spring-core\5.2.3.RELEASE\spring-core-5.2.3.RELEASE.jar;C:\Users\user\.m2\repository\org\springframework\spring-jcl\5.2.3.RELEASE\spring-jcl-5.2.3.RELEASE.jar;C:\Users\user\.m2\repository\org\springframework\security\spring-security-core\5.2.1.RELEASE\spring-security-core-5.2.1.RELEASE.jar;C:\Users\user\.m2\repository\org\slf4j\slf4j-api\1.7.30\slf4j-api-1.7.30.jar
Launcher Type: SUN_STANDARD

[Global flags]
     intx CICompilerCount                          = 4                                         {product} {ergonomic}
     uint ConcGCThreads                            = 2                                         {product} {ergonomic}
     uint G1ConcRefinementThreads                  = 8                                         {product} {ergonomic}
   size_t G1HeapRegionSize                         = 2097152                                   {product} {ergonomic}
    uintx GCDrainStackTargetSize                   = 64                                        {product} {ergonomic}
   size_t InitialHeapSize                          = 264241152                                 {product} {ergonomic}
   size_t MarkStackSize                            = 4194304                                   {product} {ergonomic}
   size_t MaxHeapSize                              = 4223664128                                {product} {ergonomic}
   size_t MaxNewSize                               = 2533359616                                {product} {ergonomic}
   size_t MinHeapDeltaBytes                        = 2097152                                   {product} {ergonomic}
   size_t MinHeapSize                              = 8388608                                   {product} {ergonomic}
    uintx NonNMethodCodeHeapSize                   = 5839372                                {pd product} {ergonomic}
    uintx NonProfiledCodeHeapSize                  = 122909434                              {pd product} {ergonomic}
    uintx ProfiledCodeHeapSize                     = 122909434                              {pd product} {ergonomic}
    uintx ReservedCodeCacheSize                    = 251658240                              {pd product} {ergonomic}
     bool SegmentedCodeCache                       = true                                      {product} {ergonomic}
   size_t SoftMaxHeapSize                          = 4223664128                             {manageable} {ergonomic}
     bool UseCompressedClassPointers               = true                           {product lp64_product} {ergonomic}
     bool UseCompressedOops                        = true                           {product lp64_product} {ergonomic}
     bool UseG1GC                                  = true                                      {product} {ergonomic}
     bool UseLargePagesIndividualAllocation        = false                                  {pd product} {ergonomic}

Logging:
Log output configuration:
 #0: stdout all=warning uptime,level,tags foldmultilines=false
 #1: stderr all=off uptime,level,tags foldmultilines=false

Environment Variables:
PATH=C:\Program Files\Common Files\Oracle\Java\javapath;C:\Windows\system32;C:\Windows;C:\Windows\System32\Wbem;C:\Windows\System32\WindowsPowerShell\v1.0\;C:\Windows\System32\OpenSSH\;C:\Program Files\dotnet\;C:\MinGW\bin;C:\Program Files\Git\cmd;C:\Users\user\AppData\Local\Programs\Python\Python311\Scripts\;C:\Users\user\AppData\Local\Programs\Python\Python311\;C:\Users\user\AppData\Local\Microsoft\WindowsApps;;C:\Users\user\AppData\Local\Programs\Microsoft VS Code\bin
USERNAME=Nimish
OS=Windows_NT
PROCESSOR_IDENTIFIER=Intel64 Family 6 Model 140 Stepping 1, GenuineIntel
TMP=C:\Users\user\AppData\Local\Temp
TEMP=C:\Users\user\AppData\Local\Temp




---------------  S Y S T E M  ---------------

OS:
 Windows 10 , 64 bit Build 19041 (10.0.19041.3393)
OS uptime: 6 days 17:56 hours

CPU: total 8 (initial active 8) (4 cores per cpu, 2 threads per core) family 6 model 140 stepping 1 microcode 0xa4, cx8, cmov, fxsr, ht, mmx, 3dnowpref, sse, sse2, sse3, ssse3, sse4.1, sse4.2, popcnt, lzcnt, tsc, tscinvbit, avx, avx2, aes, erms, clmul, bmi1, bmi2, adx, avx512f, avx512dq, avx512cd, avx512bw, avx512vl, sha, fma, vzeroupper, avx512_vpopcntdq, avx512_vpclmulqdq, avx512_vaes, avx512_vnni, clflush, clflushopt, clwb, avx512_vbmi2, avx512_vbmi, rdtscp, rdpid, fsrm, gfni, avx512_bitalg, f16c, pku, cet_ibt, cet_ss, avx512_ifma

Memory: 4k page, system-wide physical 16106M (3832M free)
TotalPageFile size 18154M (AvailPageFile size 0M)
current process WorkingSet (physical memory assigned to process): 103M, peak: 222M
current process commit charge ("private bytes"): 228M, peak: 402M

vm_info: OpenJDK 64-Bit Server VM (20.0.1+9-29) for windows-amd64 JRE (20.0.1+9-29), built on 2023-03-07T13:56:11Z by "mach5one" with MS VC++ 17.1 (VS2022)

END.
