version 2
JvmtiExport can_access_local_variables 0
JvmtiExport can_hotswap_or_post_breakpoint 0
JvmtiExport can_post_on_exceptions 0
# 196 ciObject found
instanceKlass javax/management/ObjectName
ciInstanceKlass java/lang/Cloneable 1 0 7 100 1 100 1 1 1
instanceKlass org/apache/catalina/Cluster
# instanceKlass java/lang/invoke/LambdaForm$MH+0x00000008015a0000
# instanceKlass java/lang/invoke/LambdaForm$MH+0x000000080159bc00
# instanceKlass java/lang/invoke/LambdaForm$MH+0x000000080159b800
# instanceKlass java/lang/invoke/LambdaForm$MH+0x000000080159b400
# instanceKlass java/lang/invoke/LambdaForm$MH+0x000000080159b000
# instanceKlass java/lang/invoke/LambdaForm$MH+0x000000080159a400
# instanceKlass java/lang/invoke/LambdaForm$DMH+0x00000008011c4400
instanceKlass com/udacity/jwdnd/course1/cloudstorage/model/File
instanceKlass com/udacity/jwdnd/course1/cloudstorage/model/Notes
instanceKlass com/udacity/jwdnd/course1/cloudstorage/model/Credentials
instanceKlass com/udacity/jwdnd/course1/cloudstorage/model/User
instanceKlass com/udacity/jwdnd/course1/cloudstorage/mapper/NotesMapper
instanceKlass com/udacity/jwdnd/course1/cloudstorage/mapper/FileMapper
instanceKlass com/udacity/jwdnd/course1/cloudstorage/mapper/CredentialMapper
instanceKlass com/udacity/jwdnd/course1/cloudstorage/mapper/UserMapper
# instanceKlass java/lang/invoke/LambdaForm$MH+0x0000000801430400
# instanceKlass java/lang/invoke/LambdaForm$MH+0x0000000801430800
# instanceKlass java/lang/invoke/LambdaForm$MH+0x0000000801438c00
# instanceKlass java/lang/invoke/LambdaForm$MH+0x0000000801439c00
# instanceKlass java/lang/invoke/LambdaForm$MH+0x0000000801448c00
# instanceKlass java/lang/invoke/LambdaForm$MH+0x0000000801470800
instanceKlass com/udacity/jwdnd/course1/cloudstorage/services/UserService
instanceKlass com/udacity/jwdnd/course1/cloudstorage/services/NoteService
instanceKlass com/udacity/jwdnd/course1/cloudstorage/services/HashService
instanceKlass com/udacity/jwdnd/course1/cloudstorage/services/FileService
instanceKlass com/udacity/jwdnd/course1/cloudstorage/services/EncryptionService
instanceKlass com/udacity/jwdnd/course1/cloudstorage/services/CredentialService
instanceKlass com/udacity/jwdnd/course1/cloudstorage/services/AuthenticationService
instanceKlass com/udacity/jwdnd/course1/cloudstorage/controller/SignupController
instanceKlass com/udacity/jwdnd/course1/cloudstorage/controller/LoginController
instanceKlass com/udacity/jwdnd/course1/cloudstorage/controller/HomeController
instanceKlass com/udacity/jwdnd/course1/cloudstorage/CloudStorageApplication
instanceKlass org/apache/catalina/loader/JdbcLeakPrevention
# instanceKlass java/lang/invoke/LambdaForm$MH+0x000000080159a000
instanceKlass  @bci org/springframework/boot/autoconfigure/condition/ConditionEvaluationReport getDelta (Lorg/springframework/boot/autoconfigure/condition/ConditionEvaluationReport;)Lorg/springframework/boot/autoconfigure/condition/ConditionEvaluationReport; 14 <appendix> member <vmtarget> ; # org/springframework/boot/autoconfigure/condition/ConditionEvaluationReport$$Lambda$717+0x000000080159c000
# instanceKlass java/lang/invoke/LambdaForm$MH+0x0000000801599c00
# instanceKlass java/lang/invoke/LambdaForm$MH+0x0000000801599800
# instanceKlass java/lang/invoke/LambdaForm$MH+0x0000000801599400
# instanceKlass java/lang/invoke/LambdaForm$MH+0x0000000801599000
# instanceKlass java/lang/invoke/LambdaForm$MH+0x0000000801598c00
# instanceKlass java/lang/invoke/LambdaForm$MH+0x0000000801598800
# instanceKlass java/lang/invoke/LambdaForm$MH+0x0000000801598400
# instanceKlass java/lang/invoke/LambdaForm$MH+0x0000000801598000
# instanceKlass java/lang/invoke/LambdaForm$MH+0x0000000801593c00
# instanceKlass java/lang/invoke/LambdaForm$MH+0x0000000801593800
# instanceKlass java/lang/invoke/LambdaForm$MH+0x0000000801593400
# instanceKlass java/lang/invoke/LambdaForm$MH+0x0000000801593000
# instanceKlass java/lang/invoke/LambdaForm$MH+0x0000000801592c00
# instanceKlass java/lang/invoke/LambdaForm$MH+0x0000000801592800
# instanceKlass java/lang/invoke/LambdaForm$MH+0x0000000801592400
# instanceKlass java/lang/invoke/LambdaForm$MH+0x0000000801592000
# instanceKlass java/lang/invoke/LambdaForm$MH+0x0000000801002400
# instanceKlass java/lang/invoke/LambdaForm$MH+0x0000000801002000
# instanceKlass java/lang/invoke/LambdaForm$MH+0x0000000801080c00
# instanceKlass java/lang/invoke/LambdaForm$MH+0x0000000801080800
# instanceKlass java/lang/invoke/LambdaForm$MH+0x0000000801121400
# instanceKlass java/lang/invoke/LambdaForm$MH+0x0000000801121000
# instanceKlass java/lang/invoke/LambdaForm$MH+0x0000000801190c00
# instanceKlass java/lang/invoke/LambdaForm$MH+0x0000000801190800
# instanceKlass java/lang/invoke/LambdaForm$MH+0x0000000801193c00
# instanceKlass java/lang/invoke/LambdaForm$MH+0x0000000801193800
# instanceKlass java/lang/invoke/LambdaForm$MH+0x00000008012b0400
# instanceKlass java/lang/invoke/LambdaForm$MH+0x00000008012b0000
# instanceKlass java/lang/invoke/LambdaForm$MH+0x0000000801304400
# instanceKlass java/lang/invoke/LambdaForm$MH+0x0000000801304000
# instanceKlass java/lang/invoke/LambdaForm$MH+0x000000080131c400
# instanceKlass java/lang/invoke/LambdaForm$MH+0x000000080131c000
instanceKlass com/udacity/jwdnd/course1/cloudstorage/model/File
instanceKlass com/udacity/jwdnd/course1/cloudstorage/model/Notes
instanceKlass com/udacity/jwdnd/course1/cloudstorage/model/Credentials
# instanceKlass java/lang/invoke/LambdaForm$MH+0x0000000801431400
# instanceKlass java/lang/invoke/LambdaForm$MH+0x0000000801431000
# instanceKlass java/lang/invoke/LambdaForm$MH+0x0000000801448400
# instanceKlass java/lang/invoke/LambdaForm$MH+0x0000000801448000
# instanceKlass java/lang/invoke/LambdaForm$MH+0x0000000801470400
# instanceKlass java/lang/invoke/LambdaForm$MH+0x0000000801470000
# instanceKlass java/lang/invoke/LambdaForm$MH+0x0000000801471c00
# instanceKlass java/lang/invoke/LambdaForm$MH+0x0000000801471800
instanceKlass com/udacity/jwdnd/course1/cloudstorage/model/User
# instanceKlass java/lang/invoke/LambdaForm$MH+0x0000000801498c00
# instanceKlass java/lang/invoke/LambdaForm$MH+0x0000000801498800
# instanceKlass java/lang/invoke/LambdaForm$MH+0x0000000801499400
# instanceKlass java/lang/invoke/LambdaForm$MH+0x0000000801499000
# instanceKlass java/lang/invoke/LambdaForm$MH+0x0000000801001400
# instanceKlass java/lang/invoke/LambdaForm$MH+0x0000000801001c00
# instanceKlass java/lang/invoke/LambdaForm$MH+0x0000000801010000
# instanceKlass java/lang/invoke/LambdaForm$MH+0x0000000801031c00
instanceKlass  @bci org/springframework/boot/convert/LenientObjectToEnumConverterFactory$LenientToEnumConverter getCanonicalName (Ljava/lang/String;)Ljava/lang/String; 37 <appendix> member <vmtarget> ; # org/springframework/boot/convert/LenientObjectToEnumConverterFactory$LenientToEnumConverter$$Lambda$716+0x0000000801571470
instanceKlass  @cpi org/springframework/boot/convert/LenientObjectToEnumConverterFactory$LenientToEnumConverter 156 form vmentry <vmtarget> ; # java/lang/invoke/LambdaForm$DMH+0x0000000801080400
instanceKlass  @bci org/springframework/boot/convert/LenientObjectToEnumConverterFactory$LenientToEnumConverter getCanonicalName (Ljava/lang/String;)Ljava/lang/String; 26 <appendix> argL0 ; # org/springframework/boot/convert/LenientObjectToEnumConverterFactory$LenientToEnumConverter$$Lambda$715+0x0000000801571240
instanceKlass java/util/function/IntUnaryOperator
instanceKlass  @bci org/springframework/boot/convert/LenientObjectToEnumConverterFactory$LenientToEnumConverter getCanonicalName (Ljava/lang/String;)Ljava/lang/String; 16 <appendix> argL0 ; # org/springframework/boot/convert/LenientObjectToEnumConverterFactory$LenientToEnumConverter$$Lambda$714+0x0000000801571000
# instanceKlass java/lang/invoke/LambdaForm$MH+0x0000000801118400
# instanceKlass java/lang/invoke/LambdaForm$MH+0x0000000801120400
# instanceKlass java/lang/invoke/LambdaForm$MH+0x0000000801121800
# instanceKlass java/lang/invoke/LambdaForm$MH+0x0000000801122400
# instanceKlass java/lang/invoke/LambdaForm$MH+0x0000000801158000
# instanceKlass java/lang/invoke/LambdaForm$MH+0x0000000801191400
# instanceKlass java/lang/invoke/LambdaForm$BMH+0x0000000801191c00
# instanceKlass java/lang/invoke/LambdaForm$DMH+0x0000000801192400
# instanceKlass java/lang/invoke/LambdaForm$MH+0x0000000801192c00
# instanceKlass java/lang/invoke/LambdaForm$MH+0x0000000801193000
# instanceKlass java/lang/invoke/LambdaForm$MH+0x0000000801198400
# instanceKlass java/lang/invoke/LambdaForm$MH+0x00000008011c4000
# instanceKlass java/lang/invoke/LambdaForm$MH+0x0000000801220400
# instanceKlass java/lang/invoke/LambdaForm$MH+0x0000000801284000
# instanceKlass java/lang/invoke/LambdaForm$MH+0x000000080128c000
# instanceKlass java/lang/invoke/LambdaForm$MH+0x0000000801299400
# instanceKlass java/lang/invoke/LambdaForm$MH+0x0000000801299c00
# instanceKlass java/lang/invoke/LambdaForm$MH+0x00000008012dc400
# instanceKlass java/lang/invoke/LambdaForm$MH+0x00000008012dcc00
# instanceKlass java/lang/invoke/LambdaForm$MH+0x00000008012dd000
# instanceKlass java/lang/invoke/LambdaForm$MH+0x0000000801305000
# instanceKlass java/lang/invoke/LambdaForm$MH+0x000000080132cc00
# instanceKlass java/lang/invoke/LambdaForm$MH+0x000000080132d000
# instanceKlass java/lang/invoke/LambdaForm$MH+0x0000000801330400
# instanceKlass java/lang/invoke/LambdaForm$BMH+0x0000000801330c00
# instanceKlass java/lang/invoke/LambdaForm$MH+0x0000000801331400
# instanceKlass java/lang/invoke/LambdaForm$MH+0x0000000801384400
# instanceKlass java/lang/invoke/LambdaForm$MH+0x0000000801384800
# instanceKlass java/lang/invoke/LambdaForm$MH+0x000000080138c000
# instanceKlass java/lang/invoke/LambdaForm$MH+0x00000008013f4000
# instanceKlass java/lang/invoke/LambdaForm$MH+0x00000008013fe800
# instanceKlass java/lang/invoke/LambdaForm$MH+0x0000000801400000
# instanceKlass java/lang/invoke/LambdaForm$MH+0x0000000801401c00
# instanceKlass java/lang/invoke/LambdaForm$MH+0x0000000801408000
# instanceKlass java/lang/invoke/LambdaForm$MH+0x0000000801430000
instanceKlass com/udacity/jwdnd/course1/cloudstorage/mapper/NotesMapper
instanceKlass com/udacity/jwdnd/course1/cloudstorage/mapper/FileMapper
instanceKlass com/udacity/jwdnd/course1/cloudstorage/mapper/CredentialMapper
instanceKlass com/udacity/jwdnd/course1/cloudstorage/mapper/UserMapper
# instanceKlass java/lang/invoke/LambdaForm$MH+0x0000000801430c00
# instanceKlass java/lang/invoke/LambdaForm$DMH+0x0000000801439800
# instanceKlass java/lang/invoke/LambdaForm$DMH+0x0000000801448800
# instanceKlass java/lang/invoke/LambdaForm$MH+0x0000000801472000
# instanceKlass java/lang/invoke/LambdaForm$MH+0x0000000801490000
instanceKlass com/udacity/jwdnd/course1/cloudstorage/services/UserService
instanceKlass com/udacity/jwdnd/course1/cloudstorage/services/NoteService
instanceKlass com/udacity/jwdnd/course1/cloudstorage/services/HashService
instanceKlass com/udacity/jwdnd/course1/cloudstorage/services/FileService
instanceKlass com/udacity/jwdnd/course1/cloudstorage/services/EncryptionService
instanceKlass com/udacity/jwdnd/course1/cloudstorage/services/CredentialService
instanceKlass com/udacity/jwdnd/course1/cloudstorage/services/AuthenticationService
instanceKlass com/udacity/jwdnd/course1/cloudstorage/controller/SignupController
instanceKlass com/udacity/jwdnd/course1/cloudstorage/controller/LoginController
instanceKlass com/udacity/jwdnd/course1/cloudstorage/controller/HomeController
# instanceKlass java/lang/invoke/LambdaForm$MH+0x0000000801490c00
# instanceKlass java/lang/invoke/LambdaForm$MH+0x0000000801491c00
# instanceKlass java/lang/invoke/LambdaForm$MH+0x0000000801499c00
# instanceKlass java/lang/invoke/LambdaForm$MH+0x0000000801571800
# instanceKlass java/lang/invoke/LambdaForm$MH+0x0000000801580000
# instanceKlass java/lang/invoke/LambdaForm$MH+0x0000000801588000
# instanceKlass java/lang/invoke/LambdaForm$MH+0x0000000801588800
# instanceKlass java/lang/invoke/LambdaForm$MH+0x0000000801589400
# instanceKlass java/lang/invoke/LambdaForm$MH+0x0000000801589800
instanceKlass com/udacity/jwdnd/course1/cloudstorage/CloudStorageApplication
instanceKlass java/lang/ref/Finalizer$1
instanceKlass java/lang/ref/Finalizer$2
instanceKlass org/apache/catalina/loader/JdbcLeakPrevention
instanceKlass java/io/FileOutputStream$1
instanceKlass java/io/ObjectOutputStream$PutField
instanceKlass java/io/ObjectOutputStream$ReplaceTable
instanceKlass java/io/ObjectOutputStream$HandleTable
instanceKlass org/apache/catalina/core/ContainerBase$StopChild
instanceKlass org/apache/catalina/Lifecycle$SingleUse
instanceKlass  @bci org/springframework/beans/factory/support/DefaultListableBeanFactory destroySingletons ()V 10 <appendix> argL0 ; # org/springframework/beans/factory/support/DefaultListableBeanFactory$$Lambda$713+0x0000000801597798
instanceKlass  @bci org/springframework/beans/factory/support/DefaultListableBeanFactory destroySingletons ()V 5 <appendix> argL0 ; # org/springframework/beans/factory/support/DefaultListableBeanFactory$$Lambda$712+0x0000000801597578
instanceKlass  @bci com/zaxxer/hikari/util/ConcurrentBag values (I)Ljava/util/List; 8 <appendix> member <vmtarget> ; # com/zaxxer/hikari/util/ConcurrentBag$$Lambda$711+0x0000000801597338
instanceKlass  @cpi com/zaxxer/hikari/util/ConcurrentBag 263 form vmentry <vmtarget> ; # java/lang/invoke/LambdaForm$DMH+0x0000000801591400
instanceKlass  @bci com/zaxxer/hikari/pool/HikariPool softEvictConnections ()V 8 <appendix> member <vmtarget> ; # com/zaxxer/hikari/pool/HikariPool$$Lambda$710+0x0000000801597110
instanceKlass  @bci java/util/concurrent/CopyOnWriteArrayList resetLock ()V 0 <appendix> argL0 ; # java/util/concurrent/CopyOnWriteArrayList$$Lambda$709+0x00000008014cf158
instanceKlass  @cpi org/springframework/beans/factory/support/DefaultListableBeanFactory 1131 form vmentry <vmtarget> ; # java/lang/invoke/LambdaForm$DMH+0x0000000801591000
instanceKlass org/h2/util/JSR310Utils
instanceKlass  @bci java/util/regex/Pattern SingleI (II)Ljava/util/regex/Pattern$BmpCharPredicate; 2 <appendix> member <vmtarget> ; # java/util/regex/Pattern$$Lambda$708+0x00000008014ceed8
instanceKlass org/h2/util/JSR310
instanceKlass org/h2/util/TimeZoneProvider
instanceKlass org/h2/util/DateTimeUtils
instanceKlass org/h2/util/CurrentTimestamp
instanceKlass  @bci org/springframework/boot/devtools/autoconfigure/DevToolsDataSourceAutoConfiguration$NonEmbeddedInMemoryDatabaseShutdownExecutor$InMemoryDatabase <init> (Ljava/lang/String;ILjava/lang/String;Ljava/util/Set;)V 6 <appendix> argL0 ; # org/springframework/boot/devtools/autoconfigure/DevToolsDataSourceAutoConfiguration$NonEmbeddedInMemoryDatabaseShutdownExecutor$InMemoryDatabase$$Lambda$707+0x0000000801595720
instanceKlass  @bci org/springframework/boot/devtools/autoconfigure/DevToolsDataSourceAutoConfiguration$NonEmbeddedInMemoryDatabaseShutdownExecutor$InMemoryDatabase <clinit> ()V 27 <appendix> argL0 ; # org/springframework/boot/devtools/autoconfigure/DevToolsDataSourceAutoConfiguration$NonEmbeddedInMemoryDatabaseShutdownExecutor$InMemoryDatabase$$Lambda$706+0x0000000801595510
instanceKlass org/springframework/boot/devtools/autoconfigure/DevToolsDataSourceAutoConfiguration$NonEmbeddedInMemoryDatabaseShutdownExecutor$InMemoryDatabase$ShutdownHandler
instanceKlass  @bci org/springframework/context/support/DefaultLifecycleProcessor stopBeans ()V 17 <appendix> member <vmtarget> ; # org/springframework/context/support/DefaultLifecycleProcessor$$Lambda$705+0x0000000801594ec0
instanceKlass  @bci org/springframework/boot/devtools/restart/Restarter restart (Lorg/springframework/boot/devtools/restart/FailureHandler;)V 36 <appendix> member <vmtarget> ; # org/springframework/boot/devtools/restart/Restarter$$Lambda$704+0x0000000801594ca8
instanceKlass org/springframework/boot/devtools/autoconfigure/FileWatchingFailureHandler
instanceKlass  @bci org/springframework/boot/devtools/filewatch/ChangedFile getRelativeName ()Ljava/lang/String; 42 <appendix> member <vmtarget> ; # org/springframework/boot/devtools/filewatch/ChangedFile$$Lambda$703+0x0000000801594870
instanceKlass org/springframework/boot/devtools/filewatch/ChangedFiles
instanceKlass  @bci org/springframework/boot/devtools/filewatch/FolderSnapshot getChangedFiles (Lorg/springframework/boot/devtools/filewatch/FolderSnapshot;Ljava/io/FileFilter;)Lorg/springframework/boot/devtools/filewatch/ChangedFiles; 20 <appendix> member <vmtarget> ; # org/springframework/boot/devtools/filewatch/FolderSnapshot$$Lambda$702+0x0000000801594000
instanceKlass  @bci com/zaxxer/hikari/pool/HikariPool closeConnection (Lcom/zaxxer/hikari/pool/PoolEntry;Ljava/lang/String;)V 23 <appendix> member <vmtarget> ; # com/zaxxer/hikari/pool/HikariPool$$Lambda$701+0x000000080158bd18
instanceKlass java/util/concurrent/locks/ReentrantReadWriteLock$Sync$HoldCounter
instanceKlass org/h2/result/RowList
instanceKlass org/apache/tomcat/util/buf/UriUtil
instanceKlass org/springframework/security/web/util/RedirectUrlBuilder
instanceKlass org/apache/catalina/session/ManagerBase$SessionTiming
instanceKlass org/apache/catalina/util/RequestUtil
instanceKlass  @bci org/springframework/security/web/savedrequest/DefaultSavedRequest addHeader (Ljava/lang/String;Ljava/lang/String;)V 5 <appendix> argL0 ; # org/springframework/security/web/savedrequest/DefaultSavedRequest$$Lambda$700+0x000000080158ae68
instanceKlass org/apache/tomcat/util/http/NamesEnumerator
instanceKlass  @bci org/springframework/context/support/ResourceBundleMessageSource$MessageSourceControl newBundle (Ljava/lang/String;Ljava/util/Locale;Ljava/lang/String;Ljava/lang/ClassLoader;Z)Ljava/util/ResourceBundle; 41 <adapter> ; # java/lang/invoke/LambdaForm$MH+0x0000000801590c00
# instanceKlass java/lang/invoke/LambdaForm$DMH+0x0000000801590800
instanceKlass  @bci org/springframework/context/support/ResourceBundleMessageSource$MessageSourceControl newBundle (Ljava/lang/String;Ljava/util/Locale;Ljava/lang/String;Ljava/lang/ClassLoader;Z)Ljava/util/ResourceBundle; 41 <appendix> form vmentry <vmtarget> ; # java/lang/invoke/LambdaForm$DMH+0x0000000801590400
instanceKlass  @bci org/springframework/context/support/ResourceBundleMessageSource$MessageSourceControl newBundle (Ljava/lang/String;Ljava/util/Locale;Ljava/lang/String;Ljava/lang/ClassLoader;Z)Ljava/util/ResourceBundle; 41 <appendix> member <vmtarget> ; # org/springframework/context/support/ResourceBundleMessageSource$MessageSourceControl$$Lambda$699+0x000000080158aa08
instanceKlass  @cpi org/springframework/context/support/ResourceBundleMessageSource$MessageSourceControl 127 form vmentry <vmtarget> ; # java/lang/invoke/LambdaForm$DMH+0x0000000801590000
instanceKlass org/thymeleaf/standard/processor/StandardTextTagProcessor$1
instanceKlass org/unbescape/uri/UriEscapeUtil
instanceKlass org/unbescape/uri/UriEscape
instanceKlass org/thymeleaf/standard/expression/AssignationSequence
instanceKlass org/thymeleaf/standard/expression/Assignation
# instanceKlass java/lang/invoke/LambdaForm$MH+0x0000000801589c00
instanceKlass org/thymeleaf/standard/expression/AssignationUtils
# instanceKlass java/lang/invoke/LambdaForm$MH+0x0000000801589000
instanceKlass java/lang/foreign/MemorySegment
instanceKlass org/thymeleaf/expression/Strings
instanceKlass  @bci java/util/concurrent/CopyOnWriteArrayList removeAll (Ljava/util/Collection;)Z 7 <appendix> member <vmtarget> ; # java/util/concurrent/CopyOnWriteArrayList$$Lambda$698+0x00000008014ce658
instanceKlass  @bci org/springframework/web/servlet/FlashMap addTargetRequestParams (Lorg/springframework/util/MultiValueMap;)Lorg/springframework/web/servlet/FlashMap; 6 <appendix> member <vmtarget> ; # org/springframework/web/servlet/FlashMap$$Lambda$697+0x000000080158e2d0
instanceKlass org/springframework/web/util/HierarchicalUriComponents$FullPathComponent
instanceKlass org/springframework/web/util/HierarchicalUriComponents$1
instanceKlass  @bci org/springframework/util/CollectionUtils unmodifiableMultiValueMap (Lorg/springframework/util/MultiValueMap;)Lorg/springframework/util/MultiValueMap; 22 <appendix> member <vmtarget> ; # org/springframework/util/CollectionUtils$$Lambda$696+0x000000080158d810
instanceKlass org/springframework/web/util/UriComponents$UriTemplateVariables
instanceKlass org/springframework/web/util/UriComponentsBuilder$FullPathComponentBuilder
instanceKlass org/springframework/web/util/UriComponentsBuilder$PathSegmentComponentBuilder
instanceKlass org/springframework/web/util/HierarchicalUriComponents$PathComponent
instanceKlass org/springframework/web/util/UriComponentsBuilder$CompositePathComponentBuilder
instanceKlass org/springframework/web/util/UriComponentsBuilder$PathComponentBuilder
instanceKlass  @bci java/util/regex/CharPredicates ctype (I)Ljava/util/regex/Pattern$CharPredicate; 1 <appendix> member <vmtarget> ; # java/util/regex/CharPredicates$$Lambda$695+0x00000008014ce3d8
instanceKlass org/springframework/web/util/UriComponents
instanceKlass org/springframework/core/convert/support/StringToNumberConverterFactory$StringToNumber
instanceKlass org/thymeleaf/standard/serializer/StandardSerializers
instanceKlass org/thymeleaf/templateparser/text/TextParsingUtil
instanceKlass org/thymeleaf/templateparser/text/TextParseStatus
instanceKlass org/thymeleaf/templateparser/text/EventProcessorTextHandler$StructureNamesRepository
instanceKlass org/thymeleaf/templateparser/text/InlinedOutputExpressionTextHandler$InlineTextAdapterPreProcessorHandler
instanceKlass org/thymeleaf/templateparser/text/AbstractTextHandler
instanceKlass org/thymeleaf/engine/IteratedGatheringModelProcessable$IterationModels
instanceKlass org/thymeleaf/engine/DataDrivenTemplateIterator
instanceKlass org/thymeleaf/engine/IterationStatusVar
instanceKlass org/thymeleaf/standard/expression/Each
instanceKlass org/thymeleaf/standard/expression/EachUtils
instanceKlass org/thymeleaf/util/ListUtils
instanceKlass org/thymeleaf/expression/ExpressionObjects
instanceKlass  @bci java/util/regex/Pattern CIRange (II)Ljava/util/regex/Pattern$CharPredicate; 2 <appendix> member <vmtarget> ; # java/util/regex/Pattern$$Lambda$694+0x00000008014ce188
instanceKlass org/springframework/security/web/csrf/LazyCsrfTokenRepository$SaveOnAccessCsrfToken
instanceKlass javax/servlet/http/CookieNameValidator
instanceKlass sun/security/provider/SecureRandom$SeederHolder
instanceKlass org/apache/ibatis/executor/resultset/DefaultResultSetHandler$UnMappedColumnAutoMapping
instanceKlass org/apache/ibatis/executor/loader/ResultLoaderMap
instanceKlass  @bci org/springframework/web/servlet/view/RedirectView queryProperties (Ljava/util/Map;)Ljava/util/Map; 11 <appendix> member <vmtarget> ; # org/springframework/web/servlet/view/RedirectView$$Lambda$693+0x0000000801585bc0
instanceKlass javax/servlet/http/HttpSessionBindingListener
instanceKlass  @bci org/apache/ibatis/executor/keygen/Jdbc3KeyGenerator assignKeysToParam (Lorg/apache/ibatis/session/Configuration;Ljava/sql/ResultSet;Ljava/sql/ResultSetMetaData;[Ljava/lang/String;Ljava/lang/Object;)V 144 <appendix> member <vmtarget> ; # org/apache/ibatis/executor/keygen/Jdbc3KeyGenerator$$Lambda$692+0x00000008015857a8
instanceKlass org/apache/ibatis/executor/keygen/Jdbc3KeyGenerator$KeyAssigner
instanceKlass org/h2/index/BaseIndex$1
instanceKlass org/h2/command/CommandContainer$GeneratedKeysCollector
# instanceKlass java/lang/invoke/LambdaForm$MH+0x0000000801580400
instanceKlass  @bci com/sun/crypto/provider/PBKDF2KeyImpl <init> (Ljavax/crypto/spec/PBEKeySpec;Ljava/lang/String;)V 215 <appendix> member <vmtarget> ; # com/sun/crypto/provider/PBKDF2KeyImpl$$Lambda$691+0x00000008014cdd78
instanceKlass com/sun/crypto/provider/PBKDF2KeyImpl$1
instanceKlass javax/crypto/MacSpi
instanceKlass javax/crypto/Mac
instanceKlass com/sun/crypto/provider/PBKDF2KeyImpl
instanceKlass javax/crypto/interfaces/PBEKey
instanceKlass javax/crypto/SecretKey
instanceKlass javax/crypto/SecretKeyFactorySpi
instanceKlass javax/crypto/ProviderVerifier
instanceKlass javax/crypto/JceSecurity$2
instanceKlass javax/crypto/JceSecurity$IdentityWrapper
instanceKlass java/net/spi/URLStreamHandlerProvider
instanceKlass java/net/URL$1
instanceKlass java/net/URL$2
instanceKlass jdk/internal/misc/ThreadTracker
instanceKlass java/net/URL$ThreadTrackHolder
instanceKlass javax/crypto/CryptoPolicyParser$CryptoPermissionEntry
instanceKlass javax/crypto/CryptoPolicyParser$GrantEntry
instanceKlass javax/crypto/CryptoPolicyParser
instanceKlass java/nio/file/Files$1
instanceKlass sun/nio/fs/WindowsFileSystem$2
instanceKlass java/nio/file/PathMatcher
instanceKlass sun/nio/fs/Globs
instanceKlass sun/nio/fs/WindowsFileSystemProvider$1
instanceKlass javax/crypto/JceSecurity$1
instanceKlass javax/crypto/JceSecurity
instanceKlass javax/crypto/SecretKeyFactory
instanceKlass javax/crypto/spec/PBEKeySpec
instanceKlass java/util/Base64$Encoder
instanceKlass java/util/Base64
instanceKlass  @bci org/mybatis/spring/SqlSessionUtils closeSqlSession (Lorg/apache/ibatis/session/SqlSession;Lorg/apache/ibatis/session/SqlSessionFactory;)V 55 <appendix> member <vmtarget> ; # org/mybatis/spring/SqlSessionUtils$$Lambda$690+0x000000080157fce0
instanceKlass  @bci java/util/concurrent/ConcurrentLinkedQueue clear ()V 1 <appendix> argL0 ; # java/util/concurrent/ConcurrentLinkedQueue$$Lambda$689+0x00000008014c7e50
instanceKlass java/util/concurrent/ConcurrentLinkedQueue$Itr
instanceKlass org/apache/ibatis/executor/result/DefaultResultContext
instanceKlass org/apache/ibatis/executor/result/DefaultResultHandler
instanceKlass org/apache/ibatis/executor/resultset/ResultSetWrapper
instanceKlass com/zaxxer/hikari/pool/ProxyResultSet
instanceKlass org/h2/jdbc/JdbcResultSetBackwardsCompat
instanceKlass org/apache/ibatis/executor/statement/StatementUtil
instanceKlass java/sql/ParameterMetaData
instanceKlass java/sql/ResultSetMetaData
instanceKlass org/h2/jdbc/JdbcPreparedStatementBackwardsCompat
instanceKlass  @bci org/mybatis/spring/transaction/SpringManagedTransaction openConnection ()V 43 <appendix> member <vmtarget> ; # org/mybatis/spring/transaction/SpringManagedTransaction$$Lambda$688+0x00000008015779c0
instanceKlass org/apache/ibatis/executor/resultset/DefaultResultSetHandler
instanceKlass org/apache/ibatis/executor/resultset/ResultSetHandler
instanceKlass org/apache/ibatis/scripting/defaults/DefaultParameterHandler
instanceKlass org/apache/ibatis/executor/statement/BaseStatementHandler
instanceKlass org/apache/ibatis/executor/statement/RoutingStatementHandler$1
instanceKlass org/apache/ibatis/executor/statement/RoutingStatementHandler
instanceKlass org/apache/ibatis/executor/statement/StatementHandler
instanceKlass org/apache/ibatis/reflection/ArrayUtil
instanceKlass org/apache/ibatis/cache/CacheKey
instanceKlass org/apache/ibatis/mapping/BoundSql
instanceKlass  @bci org/mybatis/spring/SqlSessionUtils registerSessionHolder (Lorg/apache/ibatis/session/SqlSessionFactory;Lorg/apache/ibatis/session/ExecutorType;Lorg/springframework/dao/support/PersistenceExceptionTranslator;Lorg/apache/ibatis/session/SqlSession;)V 128 <appendix> member <vmtarget> ; # org/mybatis/spring/SqlSessionUtils$$Lambda$687+0x00000008015758b8
instanceKlass org/apache/ibatis/session/ResultContext
instanceKlass org/apache/ibatis/session/defaults/DefaultSqlSession
instanceKlass org/apache/ibatis/cache/TransactionalCacheManager
instanceKlass org/apache/ibatis/executor/CachingExecutor
instanceKlass org/apache/ibatis/executor/BaseExecutor
instanceKlass org/mybatis/spring/transaction/SpringManagedTransaction
instanceKlass  @bci org/mybatis/spring/SqlSessionUtils getSqlSession (Lorg/apache/ibatis/session/SqlSessionFactory;Lorg/apache/ibatis/session/ExecutorType;Lorg/springframework/dao/support/PersistenceExceptionTranslator;)Lorg/apache/ibatis/session/SqlSession; 38 <appendix> argL0 ; # org/mybatis/spring/SqlSessionUtils$$Lambda$686+0x000000080156fd00
instanceKlass org/mybatis/spring/SqlSessionUtils
instanceKlass org/apache/ibatis/binding/MapperMethod$1
instanceKlass  @bci org/apache/ibatis/reflection/ParamNameUtil getParameterNames (Ljava/lang/reflect/Executable;)Ljava/util/List; 7 <appendix> argL0 ; # org/apache/ibatis/reflection/ParamNameUtil$$Lambda$685+0x000000080156f210
instanceKlass org/apache/ibatis/reflection/ParamNameUtil
instanceKlass org/apache/ibatis/reflection/ParamNameResolver
instanceKlass org/apache/ibatis/binding/MapperMethod$MethodSignature
instanceKlass org/apache/ibatis/binding/MapperMethod$SqlCommand
instanceKlass  @bci org/apache/ibatis/binding/MapperProxy cachedMapperMethod (Ljava/lang/reflect/Method;)Lorg/apache/ibatis/binding/MapperMethod; 7 <appendix> member <vmtarget> ; # org/apache/ibatis/binding/MapperProxy$$Lambda$684+0x000000080156e760
instanceKlass org/apache/ibatis/binding/MapperMethod
instanceKlass org/springframework/web/bind/annotation/RequestAttribute
instanceKlass org/springframework/web/bind/annotation/SessionAttribute
instanceKlass org/springframework/web/bind/annotation/CookieValue
instanceKlass org/springframework/web/bind/annotation/RequestHeader
instanceKlass org/springframework/web/bind/annotation/RequestBody
instanceKlass  @bci org/springframework/validation/support/BindingAwareModelMap putAll (Ljava/util/Map;)V 2 <appendix> member <vmtarget> ; # org/springframework/validation/support/BindingAwareModelMap$$Lambda$683+0x000000080156d750
instanceKlass org/springframework/beans/PropertyAccessorFactory
instanceKlass org/springframework/validation/DefaultMessageCodesResolver
instanceKlass  @bci org/springframework/web/servlet/mvc/method/annotation/ExtendedServletRequestDataBinder addBindValues (Lorg/springframework/beans/MutablePropertyValues;Ljavax/servlet/ServletRequest;)V 24 <appendix> member <vmtarget> ; # org/springframework/web/servlet/mvc/method/annotation/ExtendedServletRequestDataBinder$$Lambda$682+0x000000080156c858
instanceKlass  @bci org/springframework/beans/MutablePropertyValues <init> (Ljava/util/Map;)V 32 <appendix> member <vmtarget> ; # org/springframework/beans/MutablePropertyValues$$Lambda$681+0x000000080156c630
instanceKlass org/springframework/validation/DefaultBindingErrorProcessor
instanceKlass org/springframework/validation/AbstractErrors
instanceKlass org/springframework/validation/BindingErrorProcessor
instanceKlass  @bci org/springframework/web/method/annotation/ModelAttributeMethodProcessor constructAttribute (Ljava/lang/reflect/Constructor;Ljava/lang/String;Lorg/springframework/core/MethodParameter;Lorg/springframework/web/bind/support/WebDataBinderFactory;Lorg/springframework/web/context/request/NativeWebRequest;)Ljava/lang/Object; 115 <appendix> member <vmtarget> ; # org/springframework/web/method/annotation/ModelAttributeMethodProcessor$$Lambda$680+0x0000000801569f50
instanceKlass  @bci org/springframework/web/method/annotation/ModelAttributeMethodProcessor constructAttribute (Ljava/lang/reflect/Constructor;Ljava/lang/String;Lorg/springframework/core/MethodParameter;Lorg/springframework/web/bind/support/WebDataBinderFactory;Lorg/springframework/web/context/request/NativeWebRequest;)Ljava/lang/Object; 84 <appendix> member <vmtarget> ; # org/springframework/web/method/annotation/ModelAttributeMethodProcessor$$Lambda$679+0x0000000801569d38
instanceKlass org/springframework/web/bind/annotation/MatrixVariable
instanceKlass org/springframework/web/bind/annotation/PathVariable
instanceKlass javax/servlet/http/Part
instanceKlass org/springframework/web/multipart/support/MultipartResolutionDelegate
instanceKlass org/springframework/web/bind/annotation/RequestPart
instanceKlass org/springframework/web/bind/annotation/RequestParam
instanceKlass org/thymeleaf/standard/util/StandardConditionalCommentUtils
instanceKlass org/apache/tomcat/PeriodicEventListener
instanceKlass org/apache/catalina/webresources/Cache$EvictionOrder
instanceKlass org/springframework/util/StreamUtils
instanceKlass org/apache/coyote/Constants
